The system is: Linux - 5.15.96 - x86_64
Compiling the C compiler identification source file "CMakeCCompilerId.c" succeeded.
Compiler: /run/current-system/sw/bin/cc 
Build flags: 
Id flags:  

The output was:
0


Compilation of the C compiler identification source "CMakeCCompilerId.c" produced "a.out"

The C compiler identification is GNU, found in "/home/username/Programs/cpp/DbBin/CMakeFiles/3.24.3/CompilerIdC/a.out"

Compiling the CXX compiler identification source file "CMakeCXXCompilerId.cpp" succeeded.
Compiler: /run/current-system/sw/bin/c++ 
Build flags: 
Id flags:  

The output was:
0


Compilation of the CXX compiler identification source "CMakeCXXCompilerId.cpp" produced "a.out"

The CXX compiler identification is GNU, found in "/home/username/Programs/cpp/DbBin/CMakeFiles/3.24.3/CompilerIdCXX/a.out"

Detecting C compiler ABI info compiled with the following output:
Change Dir: /home/username/Programs/cpp/DbBin/CMakeFiles/CMakeTmp

Run Build Command(s):/run/current-system/sw/bin/make -f Makefile cmTC_5812c/fast && /run/current-system/sw/bin/make  -f CMakeFiles/cmTC_5812c.dir/build.make CMakeFiles/cmTC_5812c.dir/build
make[1]: Entering directory '/home/username/Programs/cpp/DbBin/CMakeFiles/CMakeTmp'
Building C object CMakeFiles/cmTC_5812c.dir/CMakeCCompilerABI.c.o
/run/current-system/sw/bin/cc   -v -o CMakeFiles/cmTC_5812c.dir/CMakeCCompilerABI.c.o -c /nix/store/y3af200bfvmb7s3vcfmc30wla5iyh5kg-cmake-3.24.3/share/cmake-3.24/Modules/CMakeCCompilerABI.c
Using built-in specs.
COLLECT_GCC=/nix/store/qm03mh5x2j4ls0y80y8h3zsyj4hb52w2-gcc-11.3.0/bin/gcc
Target: x86_64-unknown-linux-gnu
Configured with: 
Thread model: posix
Supported LTO compression algorithms: zlib
gcc version 11.3.0 (GCC) 
COLLECT_GCC_OPTIONS='-v' '-o' 'CMakeFiles/cmTC_5812c.dir/CMakeCCompilerABI.c.o' '-c' '-B' '/nix/store/2j8jqmnd9l7plihhf713yf291c9vyqjm-glibc-2.35-224/lib/' '-idirafter' '/nix/store/l1a7p8yp0nlvghq5vifz4qr6s11frxl5-glibc-2.35-224-dev/include' '-idirafter' '/nix/store/qm03mh5x2j4ls0y80y8h3zsyj4hb52w2-gcc-11.3.0/lib/gcc/x86_64-unknown-linux-gnu/11.3.0/include-fixed' '-B' '/nix/store/v8481v3a686aa0pa4d016c0lnz2j0wwb-gcc-11.3.0-lib/lib' '-B' '/nix/store/dkw46jgi8i0bq64cag95v4ywz6g9bnga-gcc-wrapper-11.3.0/bin/' '-mtune=generic' '-march=x86-64' '-dumpdir' 'CMakeFiles/cmTC_5812c.dir/'
 /nix/store/qm03mh5x2j4ls0y80y8h3zsyj4hb52w2-gcc-11.3.0/libexec/gcc/x86_64-unknown-linux-gnu/11.3.0/cc1 -quiet -v -idirafter /nix/store/l1a7p8yp0nlvghq5vifz4qr6s11frxl5-glibc-2.35-224-dev/include -idirafter /nix/store/qm03mh5x2j4ls0y80y8h3zsyj4hb52w2-gcc-11.3.0/lib/gcc/x86_64-unknown-linux-gnu/11.3.0/include-fixed /nix/store/y3af200bfvmb7s3vcfmc30wla5iyh5kg-cmake-3.24.3/share/cmake-3.24/Modules/CMakeCCompilerABI.c -quiet -dumpdir CMakeFiles/cmTC_5812c.dir/ -dumpbase CMakeCCompilerABI.c.c -dumpbase-ext .c -mtune=generic -march=x86-64 -version -o /tmp/cctPMBvL.s
GNU C17 (GCC) version 11.3.0 (x86_64-unknown-linux-gnu)
	compiled by GNU C version 11.3.0, GMP version 6.2.1, MPFR version 4.1.0, MPC version 1.2.1, isl version isl-0.20-GMP

GGC heuristics: --param ggc-min-expand=100 --param ggc-min-heapsize=131072
ignoring nonexistent directory "/nix/store/qm03mh5x2j4ls0y80y8h3zsyj4hb52w2-gcc-11.3.0/lib/gcc/x86_64-unknown-linux-gnu/11.3.0/../../../../x86_64-unknown-linux-gnu/include"
ignoring duplicate directory "/nix/store/l1a7p8yp0nlvghq5vifz4qr6s11frxl5-glibc-2.35-224-dev/include"
ignoring duplicate directory "/nix/store/qm03mh5x2j4ls0y80y8h3zsyj4hb52w2-gcc-11.3.0/lib/gcc/x86_64-unknown-linux-gnu/11.3.0/include-fixed"
#include "..." search starts here:
#include <...> search starts here:
 /nix/store/qm03mh5x2j4ls0y80y8h3zsyj4hb52w2-gcc-11.3.0/lib/gcc/x86_64-unknown-linux-gnu/11.3.0/include
 /nix/store/qm03mh5x2j4ls0y80y8h3zsyj4hb52w2-gcc-11.3.0/include
 /nix/store/qm03mh5x2j4ls0y80y8h3zsyj4hb52w2-gcc-11.3.0/lib/gcc/x86_64-unknown-linux-gnu/11.3.0/include-fixed
 /nix/store/l1a7p8yp0nlvghq5vifz4qr6s11frxl5-glibc-2.35-224-dev/include
End of search list.
GNU C17 (GCC) version 11.3.0 (x86_64-unknown-linux-gnu)
	compiled by GNU C version 11.3.0, GMP version 6.2.1, MPFR version 4.1.0, MPC version 1.2.1, isl version isl-0.20-GMP

GGC heuristics: --param ggc-min-expand=100 --param ggc-min-heapsize=131072
Compiler executable checksum: dd782f071daa2e79b899795aaac6ce11
COLLECT_GCC_OPTIONS='-v' '-o' 'CMakeFiles/cmTC_5812c.dir/CMakeCCompilerABI.c.o' '-c' '-B' '/nix/store/2j8jqmnd9l7plihhf713yf291c9vyqjm-glibc-2.35-224/lib/' '-idirafter' '/nix/store/l1a7p8yp0nlvghq5vifz4qr6s11frxl5-glibc-2.35-224-dev/include' '-idirafter' '/nix/store/qm03mh5x2j4ls0y80y8h3zsyj4hb52w2-gcc-11.3.0/lib/gcc/x86_64-unknown-linux-gnu/11.3.0/include-fixed' '-B' '/nix/store/v8481v3a686aa0pa4d016c0lnz2j0wwb-gcc-11.3.0-lib/lib' '-B' '/nix/store/dkw46jgi8i0bq64cag95v4ywz6g9bnga-gcc-wrapper-11.3.0/bin/' '-mtune=generic' '-march=x86-64' '-dumpdir' 'CMakeFiles/cmTC_5812c.dir/'
 /nix/store/dkw46jgi8i0bq64cag95v4ywz6g9bnga-gcc-wrapper-11.3.0/bin/as -v --64 -o CMakeFiles/cmTC_5812c.dir/CMakeCCompilerABI.c.o /tmp/cctPMBvL.s
GNU assembler version 2.39 (x86_64-unknown-linux-gnu) using BFD version (GNU Binutils) 2.39
COMPILER_PATH=/nix/store/2j8jqmnd9l7plihhf713yf291c9vyqjm-glibc-2.35-224/lib/:/nix/store/v8481v3a686aa0pa4d016c0lnz2j0wwb-gcc-11.3.0-lib/lib/:/nix/store/dkw46jgi8i0bq64cag95v4ywz6g9bnga-gcc-wrapper-11.3.0/bin/:/nix/store/qm03mh5x2j4ls0y80y8h3zsyj4hb52w2-gcc-11.3.0/libexec/gcc/x86_64-unknown-linux-gnu/11.3.0/:/nix/store/qm03mh5x2j4ls0y80y8h3zsyj4hb52w2-gcc-11.3.0/libexec/gcc/x86_64-unknown-linux-gnu/11.3.0/:/nix/store/qm03mh5x2j4ls0y80y8h3zsyj4hb52w2-gcc-11.3.0/libexec/gcc/x86_64-unknown-linux-gnu/:/nix/store/qm03mh5x2j4ls0y80y8h3zsyj4hb52w2-gcc-11.3.0/lib/gcc/x86_64-unknown-linux-gnu/11.3.0/:/nix/store/qm03mh5x2j4ls0y80y8h3zsyj4hb52w2-gcc-11.3.0/lib/gcc/x86_64-unknown-linux-gnu/
LIBRARY_PATH=/nix/store/2j8jqmnd9l7plihhf713yf291c9vyqjm-glibc-2.35-224/lib/:/nix/store/v8481v3a686aa0pa4d016c0lnz2j0wwb-gcc-11.3.0-lib/lib/:/nix/store/dkw46jgi8i0bq64cag95v4ywz6g9bnga-gcc-wrapper-11.3.0/bin/:/nix/store/qm03mh5x2j4ls0y80y8h3zsyj4hb52w2-gcc-11.3.0/lib/gcc/x86_64-unknown-linux-gnu/11.3.0/:/nix/store/qm03mh5x2j4ls0y80y8h3zsyj4hb52w2-gcc-11.3.0/lib/gcc/x86_64-unknown-linux-gnu/11.3.0/../../../../lib64/:/nix/store/qm03mh5x2j4ls0y80y8h3zsyj4hb52w2-gcc-11.3.0/lib/gcc/x86_64-unknown-linux-gnu/11.3.0/../../../
COLLECT_GCC_OPTIONS='-v' '-o' 'CMakeFiles/cmTC_5812c.dir/CMakeCCompilerABI.c.o' '-c' '-B' '/nix/store/2j8jqmnd9l7plihhf713yf291c9vyqjm-glibc-2.35-224/lib/' '-idirafter' '/nix/store/l1a7p8yp0nlvghq5vifz4qr6s11frxl5-glibc-2.35-224-dev/include' '-idirafter' '/nix/store/qm03mh5x2j4ls0y80y8h3zsyj4hb52w2-gcc-11.3.0/lib/gcc/x86_64-unknown-linux-gnu/11.3.0/include-fixed' '-B' '/nix/store/v8481v3a686aa0pa4d016c0lnz2j0wwb-gcc-11.3.0-lib/lib' '-B' '/nix/store/dkw46jgi8i0bq64cag95v4ywz6g9bnga-gcc-wrapper-11.3.0/bin/' '-mtune=generic' '-march=x86-64' '-dumpdir' 'CMakeFiles/cmTC_5812c.dir/CMakeCCompilerABI.c.'
Linking C executable cmTC_5812c
/nix/store/y3af200bfvmb7s3vcfmc30wla5iyh5kg-cmake-3.24.3/bin/cmake -E cmake_link_script CMakeFiles/cmTC_5812c.dir/link.txt --verbose=1
/run/current-system/sw/bin/cc  -v CMakeFiles/cmTC_5812c.dir/CMakeCCompilerABI.c.o -o cmTC_5812c 
Using built-in specs.
COLLECT_GCC=/nix/store/qm03mh5x2j4ls0y80y8h3zsyj4hb52w2-gcc-11.3.0/bin/gcc
COLLECT_LTO_WRAPPER=/nix/store/qm03mh5x2j4ls0y80y8h3zsyj4hb52w2-gcc-11.3.0/libexec/gcc/x86_64-unknown-linux-gnu/11.3.0/lto-wrapper
Target: x86_64-unknown-linux-gnu
Configured with: 
Thread model: posix
Supported LTO compression algorithms: zlib
gcc version 11.3.0 (GCC) 
COMPILER_PATH=/nix/store/2j8jqmnd9l7plihhf713yf291c9vyqjm-glibc-2.35-224/lib/:/nix/store/v8481v3a686aa0pa4d016c0lnz2j0wwb-gcc-11.3.0-lib/lib/:/nix/store/dkw46jgi8i0bq64cag95v4ywz6g9bnga-gcc-wrapper-11.3.0/bin/:/nix/store/qm03mh5x2j4ls0y80y8h3zsyj4hb52w2-gcc-11.3.0/libexec/gcc/x86_64-unknown-linux-gnu/11.3.0/:/nix/store/qm03mh5x2j4ls0y80y8h3zsyj4hb52w2-gcc-11.3.0/libexec/gcc/x86_64-unknown-linux-gnu/11.3.0/:/nix/store/qm03mh5x2j4ls0y80y8h3zsyj4hb52w2-gcc-11.3.0/libexec/gcc/x86_64-unknown-linux-gnu/:/nix/store/qm03mh5x2j4ls0y80y8h3zsyj4hb52w2-gcc-11.3.0/lib/gcc/x86_64-unknown-linux-gnu/11.3.0/:/nix/store/qm03mh5x2j4ls0y80y8h3zsyj4hb52w2-gcc-11.3.0/lib/gcc/x86_64-unknown-linux-gnu/
LIBRARY_PATH=/nix/store/2j8jqmnd9l7plihhf713yf291c9vyqjm-glibc-2.35-224/lib/:/nix/store/v8481v3a686aa0pa4d016c0lnz2j0wwb-gcc-11.3.0-lib/lib/:/nix/store/dkw46jgi8i0bq64cag95v4ywz6g9bnga-gcc-wrapper-11.3.0/bin/:/nix/store/qm03mh5x2j4ls0y80y8h3zsyj4hb52w2-gcc-11.3.0/lib/gcc/x86_64-unknown-linux-gnu/11.3.0/:/nix/store/qm03mh5x2j4ls0y80y8h3zsyj4hb52w2-gcc-11.3.0/lib/gcc/x86_64-unknown-linux-gnu/11.3.0/../../../../lib64/:/nix/store/qm03mh5x2j4ls0y80y8h3zsyj4hb52w2-gcc-11.3.0/lib/gcc/x86_64-unknown-linux-gnu/11.3.0/../../../
COLLECT_GCC_OPTIONS='-v' '-o' 'cmTC_5812c' '-B' '/nix/store/2j8jqmnd9l7plihhf713yf291c9vyqjm-glibc-2.35-224/lib/' '-idirafter' '/nix/store/l1a7p8yp0nlvghq5vifz4qr6s11frxl5-glibc-2.35-224-dev/include' '-idirafter' '/nix/store/qm03mh5x2j4ls0y80y8h3zsyj4hb52w2-gcc-11.3.0/lib/gcc/x86_64-unknown-linux-gnu/11.3.0/include-fixed' '-B' '/nix/store/v8481v3a686aa0pa4d016c0lnz2j0wwb-gcc-11.3.0-lib/lib' '-B' '/nix/store/dkw46jgi8i0bq64cag95v4ywz6g9bnga-gcc-wrapper-11.3.0/bin/' '-L/nix/store/2j8jqmnd9l7plihhf713yf291c9vyqjm-glibc-2.35-224/lib' '-L/nix/store/v8481v3a686aa0pa4d016c0lnz2j0wwb-gcc-11.3.0-lib/lib' '-mtune=generic' '-march=x86-64' '-dumpdir' 'cmTC_5812c.'
 /nix/store/qm03mh5x2j4ls0y80y8h3zsyj4hb52w2-gcc-11.3.0/libexec/gcc/x86_64-unknown-linux-gnu/11.3.0/collect2 -plugin /nix/store/qm03mh5x2j4ls0y80y8h3zsyj4hb52w2-gcc-11.3.0/libexec/gcc/x86_64-unknown-linux-gnu/11.3.0/liblto_plugin.so -plugin-opt=/nix/store/qm03mh5x2j4ls0y80y8h3zsyj4hb52w2-gcc-11.3.0/libexec/gcc/x86_64-unknown-linux-gnu/11.3.0/lto-wrapper -plugin-opt=-fresolution=/tmp/cc0YswHv.res -plugin-opt=-pass-through=-lgcc -plugin-opt=-pass-through=-lgcc_s -plugin-opt=-pass-through=-lc -plugin-opt=-pass-through=-lgcc -plugin-opt=-pass-through=-lgcc_s --eh-frame-hdr -m elf_x86_64 -dynamic-linker /nix/store/2j8jqmnd9l7plihhf713yf291c9vyqjm-glibc-2.35-224/lib64/ld-linux-x86-64.so.2 -o cmTC_5812c /nix/store/2j8jqmnd9l7plihhf713yf291c9vyqjm-glibc-2.35-224/lib/crt1.o /nix/store/2j8jqmnd9l7plihhf713yf291c9vyqjm-glibc-2.35-224/lib/crti.o /nix/store/qm03mh5x2j4ls0y80y8h3zsyj4hb52w2-gcc-11.3.0/lib/gcc/x86_64-unknown-linux-gnu/11.3.0/crtbegin.o -L/nix/store/2j8jqmnd9l7plihhf713yf291c9vyqjm-glibc-2.35-224/lib -L/nix/store/v8481v3a686aa0pa4d016c0lnz2j0wwb-gcc-11.3.0-lib/lib -L/nix/store/2j8jqmnd9l7plihhf713yf291c9vyqjm-glibc-2.35-224/lib -L/nix/store/v8481v3a686aa0pa4d016c0lnz2j0wwb-gcc-11.3.0-lib/lib -L/nix/store/dkw46jgi8i0bq64cag95v4ywz6g9bnga-gcc-wrapper-11.3.0/bin -L/nix/store/qm03mh5x2j4ls0y80y8h3zsyj4hb52w2-gcc-11.3.0/lib/gcc/x86_64-unknown-linux-gnu/11.3.0 -L/nix/store/qm03mh5x2j4ls0y80y8h3zsyj4hb52w2-gcc-11.3.0/lib/gcc/x86_64-unknown-linux-gnu/11.3.0/../../../../lib64 -L/nix/store/qm03mh5x2j4ls0y80y8h3zsyj4hb52w2-gcc-11.3.0/lib/gcc/x86_64-unknown-linux-gnu/11.3.0/../../.. -dynamic-linker=/nix/store/2j8jqmnd9l7plihhf713yf291c9vyqjm-glibc-2.35-224/lib/ld-linux-x86-64.so.2 CMakeFiles/cmTC_5812c.dir/CMakeCCompilerABI.c.o -lgcc --push-state --as-needed -lgcc_s --pop-state -lc -lgcc --push-state --as-needed -lgcc_s --pop-state /nix/store/qm03mh5x2j4ls0y80y8h3zsyj4hb52w2-gcc-11.3.0/lib/gcc/x86_64-unknown-linux-gnu/11.3.0/crtend.o /nix/store/2j8jqmnd9l7plihhf713yf291c9vyqjm-glibc-2.35-224/lib/crtn.o
COLLECT_GCC_OPTIONS='-v' '-o' 'cmTC_5812c' '-B' '/nix/store/2j8jqmnd9l7plihhf713yf291c9vyqjm-glibc-2.35-224/lib/' '-idirafter' '/nix/store/l1a7p8yp0nlvghq5vifz4qr6s11frxl5-glibc-2.35-224-dev/include' '-idirafter' '/nix/store/qm03mh5x2j4ls0y80y8h3zsyj4hb52w2-gcc-11.3.0/lib/gcc/x86_64-unknown-linux-gnu/11.3.0/include-fixed' '-B' '/nix/store/v8481v3a686aa0pa4d016c0lnz2j0wwb-gcc-11.3.0-lib/lib' '-B' '/nix/store/dkw46jgi8i0bq64cag95v4ywz6g9bnga-gcc-wrapper-11.3.0/bin/' '-L/nix/store/2j8jqmnd9l7plihhf713yf291c9vyqjm-glibc-2.35-224/lib' '-L/nix/store/v8481v3a686aa0pa4d016c0lnz2j0wwb-gcc-11.3.0-lib/lib' '-mtune=generic' '-march=x86-64' '-dumpdir' 'cmTC_5812c.'
make[1]: Leaving directory '/home/username/Programs/cpp/DbBin/CMakeFiles/CMakeTmp'



Parsed C implicit include dir info from above output: rv=done
  found start of include info
  found start of implicit include info
    add: [/nix/store/qm03mh5x2j4ls0y80y8h3zsyj4hb52w2-gcc-11.3.0/lib/gcc/x86_64-unknown-linux-gnu/11.3.0/include]
    add: [/nix/store/qm03mh5x2j4ls0y80y8h3zsyj4hb52w2-gcc-11.3.0/include]
    add: [/nix/store/qm03mh5x2j4ls0y80y8h3zsyj4hb52w2-gcc-11.3.0/lib/gcc/x86_64-unknown-linux-gnu/11.3.0/include-fixed]
    add: [/nix/store/l1a7p8yp0nlvghq5vifz4qr6s11frxl5-glibc-2.35-224-dev/include]
  end of search list found
  collapse include dir [/nix/store/qm03mh5x2j4ls0y80y8h3zsyj4hb52w2-gcc-11.3.0/lib/gcc/x86_64-unknown-linux-gnu/11.3.0/include] ==> [/nix/store/qm03mh5x2j4ls0y80y8h3zsyj4hb52w2-gcc-11.3.0/lib/gcc/x86_64-unknown-linux-gnu/11.3.0/include]
  collapse include dir [/nix/store/qm03mh5x2j4ls0y80y8h3zsyj4hb52w2-gcc-11.3.0/include] ==> [/nix/store/qm03mh5x2j4ls0y80y8h3zsyj4hb52w2-gcc-11.3.0/include]
  collapse include dir [/nix/store/qm03mh5x2j4ls0y80y8h3zsyj4hb52w2-gcc-11.3.0/lib/gcc/x86_64-unknown-linux-gnu/11.3.0/include-fixed] ==> [/nix/store/qm03mh5x2j4ls0y80y8h3zsyj4hb52w2-gcc-11.3.0/lib/gcc/x86_64-unknown-linux-gnu/11.3.0/include-fixed]
  collapse include dir [/nix/store/l1a7p8yp0nlvghq5vifz4qr6s11frxl5-glibc-2.35-224-dev/include] ==> [/nix/store/l1a7p8yp0nlvghq5vifz4qr6s11frxl5-glibc-2.35-224-dev/include]
  implicit include dirs: [/nix/store/qm03mh5x2j4ls0y80y8h3zsyj4hb52w2-gcc-11.3.0/lib/gcc/x86_64-unknown-linux-gnu/11.3.0/include;/nix/store/qm03mh5x2j4ls0y80y8h3zsyj4hb52w2-gcc-11.3.0/include;/nix/store/qm03mh5x2j4ls0y80y8h3zsyj4hb52w2-gcc-11.3.0/lib/gcc/x86_64-unknown-linux-gnu/11.3.0/include-fixed;/nix/store/l1a7p8yp0nlvghq5vifz4qr6s11frxl5-glibc-2.35-224-dev/include]


Parsed C implicit link information from above output:
  link line regex: [^( *|.*[/\])(ld|CMAKE_LINK_STARTFILE-NOTFOUND|([^/\]+-)?ld|collect2)[^/\]*( |$)]
  ignore line: [Change Dir: /home/username/Programs/cpp/DbBin/CMakeFiles/CMakeTmp]
  ignore line: []
  ignore line: [Run Build Command(s):/run/current-system/sw/bin/make -f Makefile cmTC_5812c/fast && /run/current-system/sw/bin/make  -f CMakeFiles/cmTC_5812c.dir/build.make CMakeFiles/cmTC_5812c.dir/build]
  ignore line: [make[1]: Entering directory '/home/username/Programs/cpp/DbBin/CMakeFiles/CMakeTmp']
  ignore line: [Building C object CMakeFiles/cmTC_5812c.dir/CMakeCCompilerABI.c.o]
  ignore line: [/run/current-system/sw/bin/cc   -v -o CMakeFiles/cmTC_5812c.dir/CMakeCCompilerABI.c.o -c /nix/store/y3af200bfvmb7s3vcfmc30wla5iyh5kg-cmake-3.24.3/share/cmake-3.24/Modules/CMakeCCompilerABI.c]
  ignore line: [Using built-in specs.]
  ignore line: [COLLECT_GCC=/nix/store/qm03mh5x2j4ls0y80y8h3zsyj4hb52w2-gcc-11.3.0/bin/gcc]
  ignore line: [Target: x86_64-unknown-linux-gnu]
  ignore line: [Configured with: ]
  ignore line: [Thread model: posix]
  ignore line: [Supported LTO compression algorithms: zlib]
  ignore line: [gcc version 11.3.0 (GCC) ]
  ignore line: [COLLECT_GCC_OPTIONS='-v' '-o' 'CMakeFiles/cmTC_5812c.dir/CMakeCCompilerABI.c.o' '-c' '-B' '/nix/store/2j8jqmnd9l7plihhf713yf291c9vyqjm-glibc-2.35-224/lib/' '-idirafter' '/nix/store/l1a7p8yp0nlvghq5vifz4qr6s11frxl5-glibc-2.35-224-dev/include' '-idirafter' '/nix/store/qm03mh5x2j4ls0y80y8h3zsyj4hb52w2-gcc-11.3.0/lib/gcc/x86_64-unknown-linux-gnu/11.3.0/include-fixed' '-B' '/nix/store/v8481v3a686aa0pa4d016c0lnz2j0wwb-gcc-11.3.0-lib/lib' '-B' '/nix/store/dkw46jgi8i0bq64cag95v4ywz6g9bnga-gcc-wrapper-11.3.0/bin/' '-mtune=generic' '-march=x86-64' '-dumpdir' 'CMakeFiles/cmTC_5812c.dir/']
  ignore line: [ /nix/store/qm03mh5x2j4ls0y80y8h3zsyj4hb52w2-gcc-11.3.0/libexec/gcc/x86_64-unknown-linux-gnu/11.3.0/cc1 -quiet -v -idirafter /nix/store/l1a7p8yp0nlvghq5vifz4qr6s11frxl5-glibc-2.35-224-dev/include -idirafter /nix/store/qm03mh5x2j4ls0y80y8h3zsyj4hb52w2-gcc-11.3.0/lib/gcc/x86_64-unknown-linux-gnu/11.3.0/include-fixed /nix/store/y3af200bfvmb7s3vcfmc30wla5iyh5kg-cmake-3.24.3/share/cmake-3.24/Modules/CMakeCCompilerABI.c -quiet -dumpdir CMakeFiles/cmTC_5812c.dir/ -dumpbase CMakeCCompilerABI.c.c -dumpbase-ext .c -mtune=generic -march=x86-64 -version -o /tmp/cctPMBvL.s]
  ignore line: [GNU C17 (GCC) version 11.3.0 (x86_64-unknown-linux-gnu)]
  ignore line: [	compiled by GNU C version 11.3.0  GMP version 6.2.1  MPFR version 4.1.0  MPC version 1.2.1  isl version isl-0.20-GMP]
  ignore line: []
  ignore line: [GGC heuristics: --param ggc-min-expand=100 --param ggc-min-heapsize=131072]
  ignore line: [ignoring nonexistent directory "/nix/store/qm03mh5x2j4ls0y80y8h3zsyj4hb52w2-gcc-11.3.0/lib/gcc/x86_64-unknown-linux-gnu/11.3.0/../../../../x86_64-unknown-linux-gnu/include"]
  ignore line: [ignoring duplicate directory "/nix/store/l1a7p8yp0nlvghq5vifz4qr6s11frxl5-glibc-2.35-224-dev/include"]
  ignore line: [ignoring duplicate directory "/nix/store/qm03mh5x2j4ls0y80y8h3zsyj4hb52w2-gcc-11.3.0/lib/gcc/x86_64-unknown-linux-gnu/11.3.0/include-fixed"]
  ignore line: [#include "..." search starts here:]
  ignore line: [#include <...> search starts here:]
  ignore line: [ /nix/store/qm03mh5x2j4ls0y80y8h3zsyj4hb52w2-gcc-11.3.0/lib/gcc/x86_64-unknown-linux-gnu/11.3.0/include]
  ignore line: [ /nix/store/qm03mh5x2j4ls0y80y8h3zsyj4hb52w2-gcc-11.3.0/include]
  ignore line: [ /nix/store/qm03mh5x2j4ls0y80y8h3zsyj4hb52w2-gcc-11.3.0/lib/gcc/x86_64-unknown-linux-gnu/11.3.0/include-fixed]
  ignore line: [ /nix/store/l1a7p8yp0nlvghq5vifz4qr6s11frxl5-glibc-2.35-224-dev/include]
  ignore line: [End of search list.]
  ignore line: [GNU C17 (GCC) version 11.3.0 (x86_64-unknown-linux-gnu)]
  ignore line: [	compiled by GNU C version 11.3.0  GMP version 6.2.1  MPFR version 4.1.0  MPC version 1.2.1  isl version isl-0.20-GMP]
  ignore line: []
  ignore line: [GGC heuristics: --param ggc-min-expand=100 --param ggc-min-heapsize=131072]
  ignore line: [Compiler executable checksum: dd782f071daa2e79b899795aaac6ce11]
  ignore line: [COLLECT_GCC_OPTIONS='-v' '-o' 'CMakeFiles/cmTC_5812c.dir/CMakeCCompilerABI.c.o' '-c' '-B' '/nix/store/2j8jqmnd9l7plihhf713yf291c9vyqjm-glibc-2.35-224/lib/' '-idirafter' '/nix/store/l1a7p8yp0nlvghq5vifz4qr6s11frxl5-glibc-2.35-224-dev/include' '-idirafter' '/nix/store/qm03mh5x2j4ls0y80y8h3zsyj4hb52w2-gcc-11.3.0/lib/gcc/x86_64-unknown-linux-gnu/11.3.0/include-fixed' '-B' '/nix/store/v8481v3a686aa0pa4d016c0lnz2j0wwb-gcc-11.3.0-lib/lib' '-B' '/nix/store/dkw46jgi8i0bq64cag95v4ywz6g9bnga-gcc-wrapper-11.3.0/bin/' '-mtune=generic' '-march=x86-64' '-dumpdir' 'CMakeFiles/cmTC_5812c.dir/']
  ignore line: [ /nix/store/dkw46jgi8i0bq64cag95v4ywz6g9bnga-gcc-wrapper-11.3.0/bin/as -v --64 -o CMakeFiles/cmTC_5812c.dir/CMakeCCompilerABI.c.o /tmp/cctPMBvL.s]
  ignore line: [GNU assembler version 2.39 (x86_64-unknown-linux-gnu) using BFD version (GNU Binutils) 2.39]
  ignore line: [COMPILER_PATH=/nix/store/2j8jqmnd9l7plihhf713yf291c9vyqjm-glibc-2.35-224/lib/:/nix/store/v8481v3a686aa0pa4d016c0lnz2j0wwb-gcc-11.3.0-lib/lib/:/nix/store/dkw46jgi8i0bq64cag95v4ywz6g9bnga-gcc-wrapper-11.3.0/bin/:/nix/store/qm03mh5x2j4ls0y80y8h3zsyj4hb52w2-gcc-11.3.0/libexec/gcc/x86_64-unknown-linux-gnu/11.3.0/:/nix/store/qm03mh5x2j4ls0y80y8h3zsyj4hb52w2-gcc-11.3.0/libexec/gcc/x86_64-unknown-linux-gnu/11.3.0/:/nix/store/qm03mh5x2j4ls0y80y8h3zsyj4hb52w2-gcc-11.3.0/libexec/gcc/x86_64-unknown-linux-gnu/:/nix/store/qm03mh5x2j4ls0y80y8h3zsyj4hb52w2-gcc-11.3.0/lib/gcc/x86_64-unknown-linux-gnu/11.3.0/:/nix/store/qm03mh5x2j4ls0y80y8h3zsyj4hb52w2-gcc-11.3.0/lib/gcc/x86_64-unknown-linux-gnu/]
  ignore line: [LIBRARY_PATH=/nix/store/2j8jqmnd9l7plihhf713yf291c9vyqjm-glibc-2.35-224/lib/:/nix/store/v8481v3a686aa0pa4d016c0lnz2j0wwb-gcc-11.3.0-lib/lib/:/nix/store/dkw46jgi8i0bq64cag95v4ywz6g9bnga-gcc-wrapper-11.3.0/bin/:/nix/store/qm03mh5x2j4ls0y80y8h3zsyj4hb52w2-gcc-11.3.0/lib/gcc/x86_64-unknown-linux-gnu/11.3.0/:/nix/store/qm03mh5x2j4ls0y80y8h3zsyj4hb52w2-gcc-11.3.0/lib/gcc/x86_64-unknown-linux-gnu/11.3.0/../../../../lib64/:/nix/store/qm03mh5x2j4ls0y80y8h3zsyj4hb52w2-gcc-11.3.0/lib/gcc/x86_64-unknown-linux-gnu/11.3.0/../../../]
  ignore line: [COLLECT_GCC_OPTIONS='-v' '-o' 'CMakeFiles/cmTC_5812c.dir/CMakeCCompilerABI.c.o' '-c' '-B' '/nix/store/2j8jqmnd9l7plihhf713yf291c9vyqjm-glibc-2.35-224/lib/' '-idirafter' '/nix/store/l1a7p8yp0nlvghq5vifz4qr6s11frxl5-glibc-2.35-224-dev/include' '-idirafter' '/nix/store/qm03mh5x2j4ls0y80y8h3zsyj4hb52w2-gcc-11.3.0/lib/gcc/x86_64-unknown-linux-gnu/11.3.0/include-fixed' '-B' '/nix/store/v8481v3a686aa0pa4d016c0lnz2j0wwb-gcc-11.3.0-lib/lib' '-B' '/nix/store/dkw46jgi8i0bq64cag95v4ywz6g9bnga-gcc-wrapper-11.3.0/bin/' '-mtune=generic' '-march=x86-64' '-dumpdir' 'CMakeFiles/cmTC_5812c.dir/CMakeCCompilerABI.c.']
  ignore line: [Linking C executable cmTC_5812c]
  ignore line: [/nix/store/y3af200bfvmb7s3vcfmc30wla5iyh5kg-cmake-3.24.3/bin/cmake -E cmake_link_script CMakeFiles/cmTC_5812c.dir/link.txt --verbose=1]
  ignore line: [/run/current-system/sw/bin/cc  -v CMakeFiles/cmTC_5812c.dir/CMakeCCompilerABI.c.o -o cmTC_5812c ]
  ignore line: [Using built-in specs.]
  ignore line: [COLLECT_GCC=/nix/store/qm03mh5x2j4ls0y80y8h3zsyj4hb52w2-gcc-11.3.0/bin/gcc]
  ignore line: [COLLECT_LTO_WRAPPER=/nix/store/qm03mh5x2j4ls0y80y8h3zsyj4hb52w2-gcc-11.3.0/libexec/gcc/x86_64-unknown-linux-gnu/11.3.0/lto-wrapper]
  ignore line: [Target: x86_64-unknown-linux-gnu]
  ignore line: [Configured with: ]
  ignore line: [Thread model: posix]
  ignore line: [Supported LTO compression algorithms: zlib]
  ignore line: [gcc version 11.3.0 (GCC) ]
  ignore line: [COMPILER_PATH=/nix/store/2j8jqmnd9l7plihhf713yf291c9vyqjm-glibc-2.35-224/lib/:/nix/store/v8481v3a686aa0pa4d016c0lnz2j0wwb-gcc-11.3.0-lib/lib/:/nix/store/dkw46jgi8i0bq64cag95v4ywz6g9bnga-gcc-wrapper-11.3.0/bin/:/nix/store/qm03mh5x2j4ls0y80y8h3zsyj4hb52w2-gcc-11.3.0/libexec/gcc/x86_64-unknown-linux-gnu/11.3.0/:/nix/store/qm03mh5x2j4ls0y80y8h3zsyj4hb52w2-gcc-11.3.0/libexec/gcc/x86_64-unknown-linux-gnu/11.3.0/:/nix/store/qm03mh5x2j4ls0y80y8h3zsyj4hb52w2-gcc-11.3.0/libexec/gcc/x86_64-unknown-linux-gnu/:/nix/store/qm03mh5x2j4ls0y80y8h3zsyj4hb52w2-gcc-11.3.0/lib/gcc/x86_64-unknown-linux-gnu/11.3.0/:/nix/store/qm03mh5x2j4ls0y80y8h3zsyj4hb52w2-gcc-11.3.0/lib/gcc/x86_64-unknown-linux-gnu/]
  ignore line: [LIBRARY_PATH=/nix/store/2j8jqmnd9l7plihhf713yf291c9vyqjm-glibc-2.35-224/lib/:/nix/store/v8481v3a686aa0pa4d016c0lnz2j0wwb-gcc-11.3.0-lib/lib/:/nix/store/dkw46jgi8i0bq64cag95v4ywz6g9bnga-gcc-wrapper-11.3.0/bin/:/nix/store/qm03mh5x2j4ls0y80y8h3zsyj4hb52w2-gcc-11.3.0/lib/gcc/x86_64-unknown-linux-gnu/11.3.0/:/nix/store/qm03mh5x2j4ls0y80y8h3zsyj4hb52w2-gcc-11.3.0/lib/gcc/x86_64-unknown-linux-gnu/11.3.0/../../../../lib64/:/nix/store/qm03mh5x2j4ls0y80y8h3zsyj4hb52w2-gcc-11.3.0/lib/gcc/x86_64-unknown-linux-gnu/11.3.0/../../../]
  ignore line: [COLLECT_GCC_OPTIONS='-v' '-o' 'cmTC_5812c' '-B' '/nix/store/2j8jqmnd9l7plihhf713yf291c9vyqjm-glibc-2.35-224/lib/' '-idirafter' '/nix/store/l1a7p8yp0nlvghq5vifz4qr6s11frxl5-glibc-2.35-224-dev/include' '-idirafter' '/nix/store/qm03mh5x2j4ls0y80y8h3zsyj4hb52w2-gcc-11.3.0/lib/gcc/x86_64-unknown-linux-gnu/11.3.0/include-fixed' '-B' '/nix/store/v8481v3a686aa0pa4d016c0lnz2j0wwb-gcc-11.3.0-lib/lib' '-B' '/nix/store/dkw46jgi8i0bq64cag95v4ywz6g9bnga-gcc-wrapper-11.3.0/bin/' '-L/nix/store/2j8jqmnd9l7plihhf713yf291c9vyqjm-glibc-2.35-224/lib' '-L/nix/store/v8481v3a686aa0pa4d016c0lnz2j0wwb-gcc-11.3.0-lib/lib' '-mtune=generic' '-march=x86-64' '-dumpdir' 'cmTC_5812c.']
  link line: [ /nix/store/qm03mh5x2j4ls0y80y8h3zsyj4hb52w2-gcc-11.3.0/libexec/gcc/x86_64-unknown-linux-gnu/11.3.0/collect2 -plugin /nix/store/qm03mh5x2j4ls0y80y8h3zsyj4hb52w2-gcc-11.3.0/libexec/gcc/x86_64-unknown-linux-gnu/11.3.0/liblto_plugin.so -plugin-opt=/nix/store/qm03mh5x2j4ls0y80y8h3zsyj4hb52w2-gcc-11.3.0/libexec/gcc/x86_64-unknown-linux-gnu/11.3.0/lto-wrapper -plugin-opt=-fresolution=/tmp/cc0YswHv.res -plugin-opt=-pass-through=-lgcc -plugin-opt=-pass-through=-lgcc_s -plugin-opt=-pass-through=-lc -plugin-opt=-pass-through=-lgcc -plugin-opt=-pass-through=-lgcc_s --eh-frame-hdr -m elf_x86_64 -dynamic-linker /nix/store/2j8jqmnd9l7plihhf713yf291c9vyqjm-glibc-2.35-224/lib64/ld-linux-x86-64.so.2 -o cmTC_5812c /nix/store/2j8jqmnd9l7plihhf713yf291c9vyqjm-glibc-2.35-224/lib/crt1.o /nix/store/2j8jqmnd9l7plihhf713yf291c9vyqjm-glibc-2.35-224/lib/crti.o /nix/store/qm03mh5x2j4ls0y80y8h3zsyj4hb52w2-gcc-11.3.0/lib/gcc/x86_64-unknown-linux-gnu/11.3.0/crtbegin.o -L/nix/store/2j8jqmnd9l7plihhf713yf291c9vyqjm-glibc-2.35-224/lib -L/nix/store/v8481v3a686aa0pa4d016c0lnz2j0wwb-gcc-11.3.0-lib/lib -L/nix/store/2j8jqmnd9l7plihhf713yf291c9vyqjm-glibc-2.35-224/lib -L/nix/store/v8481v3a686aa0pa4d016c0lnz2j0wwb-gcc-11.3.0-lib/lib -L/nix/store/dkw46jgi8i0bq64cag95v4ywz6g9bnga-gcc-wrapper-11.3.0/bin -L/nix/store/qm03mh5x2j4ls0y80y8h3zsyj4hb52w2-gcc-11.3.0/lib/gcc/x86_64-unknown-linux-gnu/11.3.0 -L/nix/store/qm03mh5x2j4ls0y80y8h3zsyj4hb52w2-gcc-11.3.0/lib/gcc/x86_64-unknown-linux-gnu/11.3.0/../../../../lib64 -L/nix/store/qm03mh5x2j4ls0y80y8h3zsyj4hb52w2-gcc-11.3.0/lib/gcc/x86_64-unknown-linux-gnu/11.3.0/../../.. -dynamic-linker=/nix/store/2j8jqmnd9l7plihhf713yf291c9vyqjm-glibc-2.35-224/lib/ld-linux-x86-64.so.2 CMakeFiles/cmTC_5812c.dir/CMakeCCompilerABI.c.o -lgcc --push-state --as-needed -lgcc_s --pop-state -lc -lgcc --push-state --as-needed -lgcc_s --pop-state /nix/store/qm03mh5x2j4ls0y80y8h3zsyj4hb52w2-gcc-11.3.0/lib/gcc/x86_64-unknown-linux-gnu/11.3.0/crtend.o /nix/store/2j8jqmnd9l7plihhf713yf291c9vyqjm-glibc-2.35-224/lib/crtn.o]
    arg [/nix/store/qm03mh5x2j4ls0y80y8h3zsyj4hb52w2-gcc-11.3.0/libexec/gcc/x86_64-unknown-linux-gnu/11.3.0/collect2] ==> ignore
    arg [-plugin] ==> ignore
    arg [/nix/store/qm03mh5x2j4ls0y80y8h3zsyj4hb52w2-gcc-11.3.0/libexec/gcc/x86_64-unknown-linux-gnu/11.3.0/liblto_plugin.so] ==> ignore
    arg [-plugin-opt=/nix/store/qm03mh5x2j4ls0y80y8h3zsyj4hb52w2-gcc-11.3.0/libexec/gcc/x86_64-unknown-linux-gnu/11.3.0/lto-wrapper] ==> ignore
    arg [-plugin-opt=-fresolution=/tmp/cc0YswHv.res] ==> ignore
    arg [-plugin-opt=-pass-through=-lgcc] ==> ignore
    arg [-plugin-opt=-pass-through=-lgcc_s] ==> ignore
    arg [-plugin-opt=-pass-through=-lc] ==> ignore
    arg [-plugin-opt=-pass-through=-lgcc] ==> ignore
    arg [-plugin-opt=-pass-through=-lgcc_s] ==> ignore
    arg [--eh-frame-hdr] ==> ignore
    arg [-m] ==> ignore
    arg [elf_x86_64] ==> ignore
    arg [-dynamic-linker] ==> ignore
    arg [/nix/store/2j8jqmnd9l7plihhf713yf291c9vyqjm-glibc-2.35-224/lib64/ld-linux-x86-64.so.2] ==> ignore
    arg [-o] ==> ignore
    arg [cmTC_5812c] ==> ignore
    arg [/nix/store/2j8jqmnd9l7plihhf713yf291c9vyqjm-glibc-2.35-224/lib/crt1.o] ==> obj [/nix/store/2j8jqmnd9l7plihhf713yf291c9vyqjm-glibc-2.35-224/lib/crt1.o]
    arg [/nix/store/2j8jqmnd9l7plihhf713yf291c9vyqjm-glibc-2.35-224/lib/crti.o] ==> obj [/nix/store/2j8jqmnd9l7plihhf713yf291c9vyqjm-glibc-2.35-224/lib/crti.o]
    arg [/nix/store/qm03mh5x2j4ls0y80y8h3zsyj4hb52w2-gcc-11.3.0/lib/gcc/x86_64-unknown-linux-gnu/11.3.0/crtbegin.o] ==> obj [/nix/store/qm03mh5x2j4ls0y80y8h3zsyj4hb52w2-gcc-11.3.0/lib/gcc/x86_64-unknown-linux-gnu/11.3.0/crtbegin.o]
    arg [-L/nix/store/2j8jqmnd9l7plihhf713yf291c9vyqjm-glibc-2.35-224/lib] ==> dir [/nix/store/2j8jqmnd9l7plihhf713yf291c9vyqjm-glibc-2.35-224/lib]
    arg [-L/nix/store/v8481v3a686aa0pa4d016c0lnz2j0wwb-gcc-11.3.0-lib/lib] ==> dir [/nix/store/v8481v3a686aa0pa4d016c0lnz2j0wwb-gcc-11.3.0-lib/lib]
    arg [-L/nix/store/2j8jqmnd9l7plihhf713yf291c9vyqjm-glibc-2.35-224/lib] ==> dir [/nix/store/2j8jqmnd9l7plihhf713yf291c9vyqjm-glibc-2.35-224/lib]
    arg [-L/nix/store/v8481v3a686aa0pa4d016c0lnz2j0wwb-gcc-11.3.0-lib/lib] ==> dir [/nix/store/v8481v3a686aa0pa4d016c0lnz2j0wwb-gcc-11.3.0-lib/lib]
    arg [-L/nix/store/dkw46jgi8i0bq64cag95v4ywz6g9bnga-gcc-wrapper-11.3.0/bin] ==> dir [/nix/store/dkw46jgi8i0bq64cag95v4ywz6g9bnga-gcc-wrapper-11.3.0/bin]
    arg [-L/nix/store/qm03mh5x2j4ls0y80y8h3zsyj4hb52w2-gcc-11.3.0/lib/gcc/x86_64-unknown-linux-gnu/11.3.0] ==> dir [/nix/store/qm03mh5x2j4ls0y80y8h3zsyj4hb52w2-gcc-11.3.0/lib/gcc/x86_64-unknown-linux-gnu/11.3.0]
    arg [-L/nix/store/qm03mh5x2j4ls0y80y8h3zsyj4hb52w2-gcc-11.3.0/lib/gcc/x86_64-unknown-linux-gnu/11.3.0/../../../../lib64] ==> dir [/nix/store/qm03mh5x2j4ls0y80y8h3zsyj4hb52w2-gcc-11.3.0/lib/gcc/x86_64-unknown-linux-gnu/11.3.0/../../../../lib64]
    arg [-L/nix/store/qm03mh5x2j4ls0y80y8h3zsyj4hb52w2-gcc-11.3.0/lib/gcc/x86_64-unknown-linux-gnu/11.3.0/../../..] ==> dir [/nix/store/qm03mh5x2j4ls0y80y8h3zsyj4hb52w2-gcc-11.3.0/lib/gcc/x86_64-unknown-linux-gnu/11.3.0/../../..]
    arg [-dynamic-linker=/nix/store/2j8jqmnd9l7plihhf713yf291c9vyqjm-glibc-2.35-224/lib/ld-linux-x86-64.so.2] ==> ignore
    arg [CMakeFiles/cmTC_5812c.dir/CMakeCCompilerABI.c.o] ==> ignore
    arg [-lgcc] ==> lib [gcc]
    arg [--push-state] ==> ignore
    arg [--as-needed] ==> ignore
    arg [-lgcc_s] ==> lib [gcc_s]
    arg [--pop-state] ==> ignore
    arg [-lc] ==> lib [c]
    arg [-lgcc] ==> lib [gcc]
    arg [--push-state] ==> ignore
    arg [--as-needed] ==> ignore
    arg [-lgcc_s] ==> lib [gcc_s]
    arg [--pop-state] ==> ignore
    arg [/nix/store/qm03mh5x2j4ls0y80y8h3zsyj4hb52w2-gcc-11.3.0/lib/gcc/x86_64-unknown-linux-gnu/11.3.0/crtend.o] ==> obj [/nix/store/qm03mh5x2j4ls0y80y8h3zsyj4hb52w2-gcc-11.3.0/lib/gcc/x86_64-unknown-linux-gnu/11.3.0/crtend.o]
    arg [/nix/store/2j8jqmnd9l7plihhf713yf291c9vyqjm-glibc-2.35-224/lib/crtn.o] ==> obj [/nix/store/2j8jqmnd9l7plihhf713yf291c9vyqjm-glibc-2.35-224/lib/crtn.o]
  collapse library dir [/nix/store/2j8jqmnd9l7plihhf713yf291c9vyqjm-glibc-2.35-224/lib] ==> [/nix/store/2j8jqmnd9l7plihhf713yf291c9vyqjm-glibc-2.35-224/lib]
  collapse library dir [/nix/store/v8481v3a686aa0pa4d016c0lnz2j0wwb-gcc-11.3.0-lib/lib] ==> [/nix/store/v8481v3a686aa0pa4d016c0lnz2j0wwb-gcc-11.3.0-lib/lib]
  collapse library dir [/nix/store/2j8jqmnd9l7plihhf713yf291c9vyqjm-glibc-2.35-224/lib] ==> [/nix/store/2j8jqmnd9l7plihhf713yf291c9vyqjm-glibc-2.35-224/lib]
  collapse library dir [/nix/store/v8481v3a686aa0pa4d016c0lnz2j0wwb-gcc-11.3.0-lib/lib] ==> [/nix/store/v8481v3a686aa0pa4d016c0lnz2j0wwb-gcc-11.3.0-lib/lib]
  collapse library dir [/nix/store/dkw46jgi8i0bq64cag95v4ywz6g9bnga-gcc-wrapper-11.3.0/bin] ==> [/nix/store/dkw46jgi8i0bq64cag95v4ywz6g9bnga-gcc-wrapper-11.3.0/bin]
  collapse library dir [/nix/store/qm03mh5x2j4ls0y80y8h3zsyj4hb52w2-gcc-11.3.0/lib/gcc/x86_64-unknown-linux-gnu/11.3.0] ==> [/nix/store/qm03mh5x2j4ls0y80y8h3zsyj4hb52w2-gcc-11.3.0/lib/gcc/x86_64-unknown-linux-gnu/11.3.0]
  collapse library dir [/nix/store/qm03mh5x2j4ls0y80y8h3zsyj4hb52w2-gcc-11.3.0/lib/gcc/x86_64-unknown-linux-gnu/11.3.0/../../../../lib64] ==> [/nix/store/qm03mh5x2j4ls0y80y8h3zsyj4hb52w2-gcc-11.3.0/lib64]
  collapse library dir [/nix/store/qm03mh5x2j4ls0y80y8h3zsyj4hb52w2-gcc-11.3.0/lib/gcc/x86_64-unknown-linux-gnu/11.3.0/../../..] ==> [/nix/store/qm03mh5x2j4ls0y80y8h3zsyj4hb52w2-gcc-11.3.0/lib]
  implicit libs: [gcc;gcc_s;c;gcc;gcc_s]
  implicit objs: [/nix/store/2j8jqmnd9l7plihhf713yf291c9vyqjm-glibc-2.35-224/lib/crt1.o;/nix/store/2j8jqmnd9l7plihhf713yf291c9vyqjm-glibc-2.35-224/lib/crti.o;/nix/store/qm03mh5x2j4ls0y80y8h3zsyj4hb52w2-gcc-11.3.0/lib/gcc/x86_64-unknown-linux-gnu/11.3.0/crtbegin.o;/nix/store/qm03mh5x2j4ls0y80y8h3zsyj4hb52w2-gcc-11.3.0/lib/gcc/x86_64-unknown-linux-gnu/11.3.0/crtend.o;/nix/store/2j8jqmnd9l7plihhf713yf291c9vyqjm-glibc-2.35-224/lib/crtn.o]
  implicit dirs: [/nix/store/2j8jqmnd9l7plihhf713yf291c9vyqjm-glibc-2.35-224/lib;/nix/store/v8481v3a686aa0pa4d016c0lnz2j0wwb-gcc-11.3.0-lib/lib;/nix/store/dkw46jgi8i0bq64cag95v4ywz6g9bnga-gcc-wrapper-11.3.0/bin;/nix/store/qm03mh5x2j4ls0y80y8h3zsyj4hb52w2-gcc-11.3.0/lib/gcc/x86_64-unknown-linux-gnu/11.3.0;/nix/store/qm03mh5x2j4ls0y80y8h3zsyj4hb52w2-gcc-11.3.0/lib64;/nix/store/qm03mh5x2j4ls0y80y8h3zsyj4hb52w2-gcc-11.3.0/lib]
  implicit fwks: []


Detecting CXX compiler ABI info compiled with the following output:
Change Dir: /home/username/Programs/cpp/DbBin/CMakeFiles/CMakeTmp

Run Build Command(s):/run/current-system/sw/bin/make -f Makefile cmTC_c2e44/fast && /run/current-system/sw/bin/make  -f CMakeFiles/cmTC_c2e44.dir/build.make CMakeFiles/cmTC_c2e44.dir/build
make[1]: Entering directory '/home/username/Programs/cpp/DbBin/CMakeFiles/CMakeTmp'
Building CXX object CMakeFiles/cmTC_c2e44.dir/CMakeCXXCompilerABI.cpp.o
/run/current-system/sw/bin/c++   -v -o CMakeFiles/cmTC_c2e44.dir/CMakeCXXCompilerABI.cpp.o -c /nix/store/y3af200bfvmb7s3vcfmc30wla5iyh5kg-cmake-3.24.3/share/cmake-3.24/Modules/CMakeCXXCompilerABI.cpp
Using built-in specs.
COLLECT_GCC=/nix/store/qm03mh5x2j4ls0y80y8h3zsyj4hb52w2-gcc-11.3.0/bin/g++
Target: x86_64-unknown-linux-gnu
Configured with: 
Thread model: posix
Supported LTO compression algorithms: zlib
gcc version 11.3.0 (GCC) 
COLLECT_GCC_OPTIONS='-v' '-o' 'CMakeFiles/cmTC_c2e44.dir/CMakeCXXCompilerABI.cpp.o' '-c' '-B' '/nix/store/2j8jqmnd9l7plihhf713yf291c9vyqjm-glibc-2.35-224/lib/' '-idirafter' '/nix/store/l1a7p8yp0nlvghq5vifz4qr6s11frxl5-glibc-2.35-224-dev/include' '-idirafter' '/nix/store/qm03mh5x2j4ls0y80y8h3zsyj4hb52w2-gcc-11.3.0/lib/gcc/x86_64-unknown-linux-gnu/11.3.0/include-fixed' '-B' '/nix/store/v8481v3a686aa0pa4d016c0lnz2j0wwb-gcc-11.3.0-lib/lib' '-B' '/nix/store/dkw46jgi8i0bq64cag95v4ywz6g9bnga-gcc-wrapper-11.3.0/bin/' '-shared-libgcc' '-mtune=generic' '-march=x86-64' '-dumpdir' 'CMakeFiles/cmTC_c2e44.dir/'
 /nix/store/qm03mh5x2j4ls0y80y8h3zsyj4hb52w2-gcc-11.3.0/libexec/gcc/x86_64-unknown-linux-gnu/11.3.0/cc1plus -quiet -v -D_GNU_SOURCE -idirafter /nix/store/l1a7p8yp0nlvghq5vifz4qr6s11frxl5-glibc-2.35-224-dev/include -idirafter /nix/store/qm03mh5x2j4ls0y80y8h3zsyj4hb52w2-gcc-11.3.0/lib/gcc/x86_64-unknown-linux-gnu/11.3.0/include-fixed /nix/store/y3af200bfvmb7s3vcfmc30wla5iyh5kg-cmake-3.24.3/share/cmake-3.24/Modules/CMakeCXXCompilerABI.cpp -quiet -dumpdir CMakeFiles/cmTC_c2e44.dir/ -dumpbase CMakeCXXCompilerABI.cpp.cpp -dumpbase-ext .cpp -mtune=generic -march=x86-64 -version -o /tmp/ccsmaqkY.s
GNU C++17 (GCC) version 11.3.0 (x86_64-unknown-linux-gnu)
	compiled by GNU C version 11.3.0, GMP version 6.2.1, MPFR version 4.1.0, MPC version 1.2.1, isl version isl-0.20-GMP

GGC heuristics: --param ggc-min-expand=100 --param ggc-min-heapsize=131072
ignoring nonexistent directory "/nix/store/qm03mh5x2j4ls0y80y8h3zsyj4hb52w2-gcc-11.3.0/lib/gcc/x86_64-unknown-linux-gnu/11.3.0/../../../../x86_64-unknown-linux-gnu/include"
ignoring duplicate directory "/nix/store/l1a7p8yp0nlvghq5vifz4qr6s11frxl5-glibc-2.35-224-dev/include"
ignoring duplicate directory "/nix/store/qm03mh5x2j4ls0y80y8h3zsyj4hb52w2-gcc-11.3.0/lib/gcc/x86_64-unknown-linux-gnu/11.3.0/include-fixed"
#include "..." search starts here:
#include <...> search starts here:
 /nix/store/qm03mh5x2j4ls0y80y8h3zsyj4hb52w2-gcc-11.3.0/lib/gcc/x86_64-unknown-linux-gnu/11.3.0/../../../../include/c++/11.3.0
 /nix/store/qm03mh5x2j4ls0y80y8h3zsyj4hb52w2-gcc-11.3.0/lib/gcc/x86_64-unknown-linux-gnu/11.3.0/../../../../include/c++/11.3.0/x86_64-unknown-linux-gnu
 /nix/store/qm03mh5x2j4ls0y80y8h3zsyj4hb52w2-gcc-11.3.0/lib/gcc/x86_64-unknown-linux-gnu/11.3.0/../../../../include/c++/11.3.0/backward
 /nix/store/qm03mh5x2j4ls0y80y8h3zsyj4hb52w2-gcc-11.3.0/lib/gcc/x86_64-unknown-linux-gnu/11.3.0/include
 /nix/store/qm03mh5x2j4ls0y80y8h3zsyj4hb52w2-gcc-11.3.0/include
 /nix/store/qm03mh5x2j4ls0y80y8h3zsyj4hb52w2-gcc-11.3.0/lib/gcc/x86_64-unknown-linux-gnu/11.3.0/include-fixed
 /nix/store/l1a7p8yp0nlvghq5vifz4qr6s11frxl5-glibc-2.35-224-dev/include
End of search list.
GNU C++17 (GCC) version 11.3.0 (x86_64-unknown-linux-gnu)
	compiled by GNU C version 11.3.0, GMP version 6.2.1, MPFR version 4.1.0, MPC version 1.2.1, isl version isl-0.20-GMP

GGC heuristics: --param ggc-min-expand=100 --param ggc-min-heapsize=131072
Compiler executable checksum: 8adbf066cd73785bf6b1fd2f38410c4d
COLLECT_GCC_OPTIONS='-v' '-o' 'CMakeFiles/cmTC_c2e44.dir/CMakeCXXCompilerABI.cpp.o' '-c' '-B' '/nix/store/2j8jqmnd9l7plihhf713yf291c9vyqjm-glibc-2.35-224/lib/' '-idirafter' '/nix/store/l1a7p8yp0nlvghq5vifz4qr6s11frxl5-glibc-2.35-224-dev/include' '-idirafter' '/nix/store/qm03mh5x2j4ls0y80y8h3zsyj4hb52w2-gcc-11.3.0/lib/gcc/x86_64-unknown-linux-gnu/11.3.0/include-fixed' '-B' '/nix/store/v8481v3a686aa0pa4d016c0lnz2j0wwb-gcc-11.3.0-lib/lib' '-B' '/nix/store/dkw46jgi8i0bq64cag95v4ywz6g9bnga-gcc-wrapper-11.3.0/bin/' '-shared-libgcc' '-mtune=generic' '-march=x86-64' '-dumpdir' 'CMakeFiles/cmTC_c2e44.dir/'
 /nix/store/dkw46jgi8i0bq64cag95v4ywz6g9bnga-gcc-wrapper-11.3.0/bin/as -v --64 -o CMakeFiles/cmTC_c2e44.dir/CMakeCXXCompilerABI.cpp.o /tmp/ccsmaqkY.s
GNU assembler version 2.39 (x86_64-unknown-linux-gnu) using BFD version (GNU Binutils) 2.39
COMPILER_PATH=/nix/store/2j8jqmnd9l7plihhf713yf291c9vyqjm-glibc-2.35-224/lib/:/nix/store/v8481v3a686aa0pa4d016c0lnz2j0wwb-gcc-11.3.0-lib/lib/:/nix/store/dkw46jgi8i0bq64cag95v4ywz6g9bnga-gcc-wrapper-11.3.0/bin/:/nix/store/qm03mh5x2j4ls0y80y8h3zsyj4hb52w2-gcc-11.3.0/libexec/gcc/x86_64-unknown-linux-gnu/11.3.0/:/nix/store/qm03mh5x2j4ls0y80y8h3zsyj4hb52w2-gcc-11.3.0/libexec/gcc/x86_64-unknown-linux-gnu/11.3.0/:/nix/store/qm03mh5x2j4ls0y80y8h3zsyj4hb52w2-gcc-11.3.0/libexec/gcc/x86_64-unknown-linux-gnu/:/nix/store/qm03mh5x2j4ls0y80y8h3zsyj4hb52w2-gcc-11.3.0/lib/gcc/x86_64-unknown-linux-gnu/11.3.0/:/nix/store/qm03mh5x2j4ls0y80y8h3zsyj4hb52w2-gcc-11.3.0/lib/gcc/x86_64-unknown-linux-gnu/
LIBRARY_PATH=/nix/store/2j8jqmnd9l7plihhf713yf291c9vyqjm-glibc-2.35-224/lib/:/nix/store/v8481v3a686aa0pa4d016c0lnz2j0wwb-gcc-11.3.0-lib/lib/:/nix/store/dkw46jgi8i0bq64cag95v4ywz6g9bnga-gcc-wrapper-11.3.0/bin/:/nix/store/qm03mh5x2j4ls0y80y8h3zsyj4hb52w2-gcc-11.3.0/lib/gcc/x86_64-unknown-linux-gnu/11.3.0/:/nix/store/qm03mh5x2j4ls0y80y8h3zsyj4hb52w2-gcc-11.3.0/lib/gcc/x86_64-unknown-linux-gnu/11.3.0/../../../../lib64/:/nix/store/qm03mh5x2j4ls0y80y8h3zsyj4hb52w2-gcc-11.3.0/lib/gcc/x86_64-unknown-linux-gnu/11.3.0/../../../
COLLECT_GCC_OPTIONS='-v' '-o' 'CMakeFiles/cmTC_c2e44.dir/CMakeCXXCompilerABI.cpp.o' '-c' '-B' '/nix/store/2j8jqmnd9l7plihhf713yf291c9vyqjm-glibc-2.35-224/lib/' '-idirafter' '/nix/store/l1a7p8yp0nlvghq5vifz4qr6s11frxl5-glibc-2.35-224-dev/include' '-idirafter' '/nix/store/qm03mh5x2j4ls0y80y8h3zsyj4hb52w2-gcc-11.3.0/lib/gcc/x86_64-unknown-linux-gnu/11.3.0/include-fixed' '-B' '/nix/store/v8481v3a686aa0pa4d016c0lnz2j0wwb-gcc-11.3.0-lib/lib' '-B' '/nix/store/dkw46jgi8i0bq64cag95v4ywz6g9bnga-gcc-wrapper-11.3.0/bin/' '-shared-libgcc' '-mtune=generic' '-march=x86-64' '-dumpdir' 'CMakeFiles/cmTC_c2e44.dir/CMakeCXXCompilerABI.cpp.'
Linking CXX executable cmTC_c2e44
/nix/store/y3af200bfvmb7s3vcfmc30wla5iyh5kg-cmake-3.24.3/bin/cmake -E cmake_link_script CMakeFiles/cmTC_c2e44.dir/link.txt --verbose=1
/run/current-system/sw/bin/c++  -v CMakeFiles/cmTC_c2e44.dir/CMakeCXXCompilerABI.cpp.o -o cmTC_c2e44 
Using built-in specs.
COLLECT_GCC=/nix/store/qm03mh5x2j4ls0y80y8h3zsyj4hb52w2-gcc-11.3.0/bin/g++
COLLECT_LTO_WRAPPER=/nix/store/qm03mh5x2j4ls0y80y8h3zsyj4hb52w2-gcc-11.3.0/libexec/gcc/x86_64-unknown-linux-gnu/11.3.0/lto-wrapper
Target: x86_64-unknown-linux-gnu
Configured with: 
Thread model: posix
Supported LTO compression algorithms: zlib
gcc version 11.3.0 (GCC) 
COMPILER_PATH=/nix/store/2j8jqmnd9l7plihhf713yf291c9vyqjm-glibc-2.35-224/lib/:/nix/store/v8481v3a686aa0pa4d016c0lnz2j0wwb-gcc-11.3.0-lib/lib/:/nix/store/dkw46jgi8i0bq64cag95v4ywz6g9bnga-gcc-wrapper-11.3.0/bin/:/nix/store/qm03mh5x2j4ls0y80y8h3zsyj4hb52w2-gcc-11.3.0/libexec/gcc/x86_64-unknown-linux-gnu/11.3.0/:/nix/store/qm03mh5x2j4ls0y80y8h3zsyj4hb52w2-gcc-11.3.0/libexec/gcc/x86_64-unknown-linux-gnu/11.3.0/:/nix/store/qm03mh5x2j4ls0y80y8h3zsyj4hb52w2-gcc-11.3.0/libexec/gcc/x86_64-unknown-linux-gnu/:/nix/store/qm03mh5x2j4ls0y80y8h3zsyj4hb52w2-gcc-11.3.0/lib/gcc/x86_64-unknown-linux-gnu/11.3.0/:/nix/store/qm03mh5x2j4ls0y80y8h3zsyj4hb52w2-gcc-11.3.0/lib/gcc/x86_64-unknown-linux-gnu/
LIBRARY_PATH=/nix/store/2j8jqmnd9l7plihhf713yf291c9vyqjm-glibc-2.35-224/lib/:/nix/store/v8481v3a686aa0pa4d016c0lnz2j0wwb-gcc-11.3.0-lib/lib/:/nix/store/dkw46jgi8i0bq64cag95v4ywz6g9bnga-gcc-wrapper-11.3.0/bin/:/nix/store/qm03mh5x2j4ls0y80y8h3zsyj4hb52w2-gcc-11.3.0/lib/gcc/x86_64-unknown-linux-gnu/11.3.0/:/nix/store/qm03mh5x2j4ls0y80y8h3zsyj4hb52w2-gcc-11.3.0/lib/gcc/x86_64-unknown-linux-gnu/11.3.0/../../../../lib64/:/nix/store/qm03mh5x2j4ls0y80y8h3zsyj4hb52w2-gcc-11.3.0/lib/gcc/x86_64-unknown-linux-gnu/11.3.0/../../../
COLLECT_GCC_OPTIONS='-v' '-o' 'cmTC_c2e44' '-B' '/nix/store/2j8jqmnd9l7plihhf713yf291c9vyqjm-glibc-2.35-224/lib/' '-idirafter' '/nix/store/l1a7p8yp0nlvghq5vifz4qr6s11frxl5-glibc-2.35-224-dev/include' '-idirafter' '/nix/store/qm03mh5x2j4ls0y80y8h3zsyj4hb52w2-gcc-11.3.0/lib/gcc/x86_64-unknown-linux-gnu/11.3.0/include-fixed' '-B' '/nix/store/v8481v3a686aa0pa4d016c0lnz2j0wwb-gcc-11.3.0-lib/lib' '-B' '/nix/store/dkw46jgi8i0bq64cag95v4ywz6g9bnga-gcc-wrapper-11.3.0/bin/' '-L/nix/store/2j8jqmnd9l7plihhf713yf291c9vyqjm-glibc-2.35-224/lib' '-L/nix/store/v8481v3a686aa0pa4d016c0lnz2j0wwb-gcc-11.3.0-lib/lib' '-shared-libgcc' '-mtune=generic' '-march=x86-64' '-dumpdir' 'cmTC_c2e44.'
 /nix/store/qm03mh5x2j4ls0y80y8h3zsyj4hb52w2-gcc-11.3.0/libexec/gcc/x86_64-unknown-linux-gnu/11.3.0/collect2 -plugin /nix/store/qm03mh5x2j4ls0y80y8h3zsyj4hb52w2-gcc-11.3.0/libexec/gcc/x86_64-unknown-linux-gnu/11.3.0/liblto_plugin.so -plugin-opt=/nix/store/qm03mh5x2j4ls0y80y8h3zsyj4hb52w2-gcc-11.3.0/libexec/gcc/x86_64-unknown-linux-gnu/11.3.0/lto-wrapper -plugin-opt=-fresolution=/tmp/cctwn13G.res -plugin-opt=-pass-through=-lgcc_s -plugin-opt=-pass-through=-lgcc -plugin-opt=-pass-through=-lc -plugin-opt=-pass-through=-lgcc_s -plugin-opt=-pass-through=-lgcc --eh-frame-hdr -m elf_x86_64 -dynamic-linker /nix/store/2j8jqmnd9l7plihhf713yf291c9vyqjm-glibc-2.35-224/lib64/ld-linux-x86-64.so.2 -o cmTC_c2e44 /nix/store/2j8jqmnd9l7plihhf713yf291c9vyqjm-glibc-2.35-224/lib/crt1.o /nix/store/2j8jqmnd9l7plihhf713yf291c9vyqjm-glibc-2.35-224/lib/crti.o /nix/store/qm03mh5x2j4ls0y80y8h3zsyj4hb52w2-gcc-11.3.0/lib/gcc/x86_64-unknown-linux-gnu/11.3.0/crtbegin.o -L/nix/store/2j8jqmnd9l7plihhf713yf291c9vyqjm-glibc-2.35-224/lib -L/nix/store/v8481v3a686aa0pa4d016c0lnz2j0wwb-gcc-11.3.0-lib/lib -L/nix/store/2j8jqmnd9l7plihhf713yf291c9vyqjm-glibc-2.35-224/lib -L/nix/store/v8481v3a686aa0pa4d016c0lnz2j0wwb-gcc-11.3.0-lib/lib -L/nix/store/dkw46jgi8i0bq64cag95v4ywz6g9bnga-gcc-wrapper-11.3.0/bin -L/nix/store/qm03mh5x2j4ls0y80y8h3zsyj4hb52w2-gcc-11.3.0/lib/gcc/x86_64-unknown-linux-gnu/11.3.0 -L/nix/store/qm03mh5x2j4ls0y80y8h3zsyj4hb52w2-gcc-11.3.0/lib/gcc/x86_64-unknown-linux-gnu/11.3.0/../../../../lib64 -L/nix/store/qm03mh5x2j4ls0y80y8h3zsyj4hb52w2-gcc-11.3.0/lib/gcc/x86_64-unknown-linux-gnu/11.3.0/../../.. -dynamic-linker=/nix/store/2j8jqmnd9l7plihhf713yf291c9vyqjm-glibc-2.35-224/lib/ld-linux-x86-64.so.2 CMakeFiles/cmTC_c2e44.dir/CMakeCXXCompilerABI.cpp.o -lstdc++ -lm -lgcc_s -lgcc -lc -lgcc_s -lgcc /nix/store/qm03mh5x2j4ls0y80y8h3zsyj4hb52w2-gcc-11.3.0/lib/gcc/x86_64-unknown-linux-gnu/11.3.0/crtend.o /nix/store/2j8jqmnd9l7plihhf713yf291c9vyqjm-glibc-2.35-224/lib/crtn.o
COLLECT_GCC_OPTIONS='-v' '-o' 'cmTC_c2e44' '-B' '/nix/store/2j8jqmnd9l7plihhf713yf291c9vyqjm-glibc-2.35-224/lib/' '-idirafter' '/nix/store/l1a7p8yp0nlvghq5vifz4qr6s11frxl5-glibc-2.35-224-dev/include' '-idirafter' '/nix/store/qm03mh5x2j4ls0y80y8h3zsyj4hb52w2-gcc-11.3.0/lib/gcc/x86_64-unknown-linux-gnu/11.3.0/include-fixed' '-B' '/nix/store/v8481v3a686aa0pa4d016c0lnz2j0wwb-gcc-11.3.0-lib/lib' '-B' '/nix/store/dkw46jgi8i0bq64cag95v4ywz6g9bnga-gcc-wrapper-11.3.0/bin/' '-L/nix/store/2j8jqmnd9l7plihhf713yf291c9vyqjm-glibc-2.35-224/lib' '-L/nix/store/v8481v3a686aa0pa4d016c0lnz2j0wwb-gcc-11.3.0-lib/lib' '-shared-libgcc' '-mtune=generic' '-march=x86-64' '-dumpdir' 'cmTC_c2e44.'
make[1]: Leaving directory '/home/username/Programs/cpp/DbBin/CMakeFiles/CMakeTmp'



Parsed CXX implicit include dir info from above output: rv=done
  found start of include info
  found start of implicit include info
    add: [/nix/store/qm03mh5x2j4ls0y80y8h3zsyj4hb52w2-gcc-11.3.0/lib/gcc/x86_64-unknown-linux-gnu/11.3.0/../../../../include/c++/11.3.0]
    add: [/nix/store/qm03mh5x2j4ls0y80y8h3zsyj4hb52w2-gcc-11.3.0/lib/gcc/x86_64-unknown-linux-gnu/11.3.0/../../../../include/c++/11.3.0/x86_64-unknown-linux-gnu]
    add: [/nix/store/qm03mh5x2j4ls0y80y8h3zsyj4hb52w2-gcc-11.3.0/lib/gcc/x86_64-unknown-linux-gnu/11.3.0/../../../../include/c++/11.3.0/backward]
    add: [/nix/store/qm03mh5x2j4ls0y80y8h3zsyj4hb52w2-gcc-11.3.0/lib/gcc/x86_64-unknown-linux-gnu/11.3.0/include]
    add: [/nix/store/qm03mh5x2j4ls0y80y8h3zsyj4hb52w2-gcc-11.3.0/include]
    add: [/nix/store/qm03mh5x2j4ls0y80y8h3zsyj4hb52w2-gcc-11.3.0/lib/gcc/x86_64-unknown-linux-gnu/11.3.0/include-fixed]
    add: [/nix/store/l1a7p8yp0nlvghq5vifz4qr6s11frxl5-glibc-2.35-224-dev/include]
  end of search list found
  collapse include dir [/nix/store/qm03mh5x2j4ls0y80y8h3zsyj4hb52w2-gcc-11.3.0/lib/gcc/x86_64-unknown-linux-gnu/11.3.0/../../../../include/c++/11.3.0] ==> [/nix/store/qm03mh5x2j4ls0y80y8h3zsyj4hb52w2-gcc-11.3.0/include/c++/11.3.0]
  collapse include dir [/nix/store/qm03mh5x2j4ls0y80y8h3zsyj4hb52w2-gcc-11.3.0/lib/gcc/x86_64-unknown-linux-gnu/11.3.0/../../../../include/c++/11.3.0/x86_64-unknown-linux-gnu] ==> [/nix/store/qm03mh5x2j4ls0y80y8h3zsyj4hb52w2-gcc-11.3.0/include/c++/11.3.0/x86_64-unknown-linux-gnu]
  collapse include dir [/nix/store/qm03mh5x2j4ls0y80y8h3zsyj4hb52w2-gcc-11.3.0/lib/gcc/x86_64-unknown-linux-gnu/11.3.0/../../../../include/c++/11.3.0/backward] ==> [/nix/store/qm03mh5x2j4ls0y80y8h3zsyj4hb52w2-gcc-11.3.0/include/c++/11.3.0/backward]
  collapse include dir [/nix/store/qm03mh5x2j4ls0y80y8h3zsyj4hb52w2-gcc-11.3.0/lib/gcc/x86_64-unknown-linux-gnu/11.3.0/include] ==> [/nix/store/qm03mh5x2j4ls0y80y8h3zsyj4hb52w2-gcc-11.3.0/lib/gcc/x86_64-unknown-linux-gnu/11.3.0/include]
  collapse include dir [/nix/store/qm03mh5x2j4ls0y80y8h3zsyj4hb52w2-gcc-11.3.0/include] ==> [/nix/store/qm03mh5x2j4ls0y80y8h3zsyj4hb52w2-gcc-11.3.0/include]
  collapse include dir [/nix/store/qm03mh5x2j4ls0y80y8h3zsyj4hb52w2-gcc-11.3.0/lib/gcc/x86_64-unknown-linux-gnu/11.3.0/include-fixed] ==> [/nix/store/qm03mh5x2j4ls0y80y8h3zsyj4hb52w2-gcc-11.3.0/lib/gcc/x86_64-unknown-linux-gnu/11.3.0/include-fixed]
  collapse include dir [/nix/store/l1a7p8yp0nlvghq5vifz4qr6s11frxl5-glibc-2.35-224-dev/include] ==> [/nix/store/l1a7p8yp0nlvghq5vifz4qr6s11frxl5-glibc-2.35-224-dev/include]
  implicit include dirs: [/nix/store/qm03mh5x2j4ls0y80y8h3zsyj4hb52w2-gcc-11.3.0/include/c++/11.3.0;/nix/store/qm03mh5x2j4ls0y80y8h3zsyj4hb52w2-gcc-11.3.0/include/c++/11.3.0/x86_64-unknown-linux-gnu;/nix/store/qm03mh5x2j4ls0y80y8h3zsyj4hb52w2-gcc-11.3.0/include/c++/11.3.0/backward;/nix/store/qm03mh5x2j4ls0y80y8h3zsyj4hb52w2-gcc-11.3.0/lib/gcc/x86_64-unknown-linux-gnu/11.3.0/include;/nix/store/qm03mh5x2j4ls0y80y8h3zsyj4hb52w2-gcc-11.3.0/include;/nix/store/qm03mh5x2j4ls0y80y8h3zsyj4hb52w2-gcc-11.3.0/lib/gcc/x86_64-unknown-linux-gnu/11.3.0/include-fixed;/nix/store/l1a7p8yp0nlvghq5vifz4qr6s11frxl5-glibc-2.35-224-dev/include]


Parsed CXX implicit link information from above output:
  link line regex: [^( *|.*[/\])(ld|CMAKE_LINK_STARTFILE-NOTFOUND|([^/\]+-)?ld|collect2)[^/\]*( |$)]
  ignore line: [Change Dir: /home/username/Programs/cpp/DbBin/CMakeFiles/CMakeTmp]
  ignore line: []
  ignore line: [Run Build Command(s):/run/current-system/sw/bin/make -f Makefile cmTC_c2e44/fast && /run/current-system/sw/bin/make  -f CMakeFiles/cmTC_c2e44.dir/build.make CMakeFiles/cmTC_c2e44.dir/build]
  ignore line: [make[1]: Entering directory '/home/username/Programs/cpp/DbBin/CMakeFiles/CMakeTmp']
  ignore line: [Building CXX object CMakeFiles/cmTC_c2e44.dir/CMakeCXXCompilerABI.cpp.o]
  ignore line: [/run/current-system/sw/bin/c++   -v -o CMakeFiles/cmTC_c2e44.dir/CMakeCXXCompilerABI.cpp.o -c /nix/store/y3af200bfvmb7s3vcfmc30wla5iyh5kg-cmake-3.24.3/share/cmake-3.24/Modules/CMakeCXXCompilerABI.cpp]
  ignore line: [Using built-in specs.]
  ignore line: [COLLECT_GCC=/nix/store/qm03mh5x2j4ls0y80y8h3zsyj4hb52w2-gcc-11.3.0/bin/g++]
  ignore line: [Target: x86_64-unknown-linux-gnu]
  ignore line: [Configured with: ]
  ignore line: [Thread model: posix]
  ignore line: [Supported LTO compression algorithms: zlib]
  ignore line: [gcc version 11.3.0 (GCC) ]
  ignore line: [COLLECT_GCC_OPTIONS='-v' '-o' 'CMakeFiles/cmTC_c2e44.dir/CMakeCXXCompilerABI.cpp.o' '-c' '-B' '/nix/store/2j8jqmnd9l7plihhf713yf291c9vyqjm-glibc-2.35-224/lib/' '-idirafter' '/nix/store/l1a7p8yp0nlvghq5vifz4qr6s11frxl5-glibc-2.35-224-dev/include' '-idirafter' '/nix/store/qm03mh5x2j4ls0y80y8h3zsyj4hb52w2-gcc-11.3.0/lib/gcc/x86_64-unknown-linux-gnu/11.3.0/include-fixed' '-B' '/nix/store/v8481v3a686aa0pa4d016c0lnz2j0wwb-gcc-11.3.0-lib/lib' '-B' '/nix/store/dkw46jgi8i0bq64cag95v4ywz6g9bnga-gcc-wrapper-11.3.0/bin/' '-shared-libgcc' '-mtune=generic' '-march=x86-64' '-dumpdir' 'CMakeFiles/cmTC_c2e44.dir/']
  ignore line: [ /nix/store/qm03mh5x2j4ls0y80y8h3zsyj4hb52w2-gcc-11.3.0/libexec/gcc/x86_64-unknown-linux-gnu/11.3.0/cc1plus -quiet -v -D_GNU_SOURCE -idirafter /nix/store/l1a7p8yp0nlvghq5vifz4qr6s11frxl5-glibc-2.35-224-dev/include -idirafter /nix/store/qm03mh5x2j4ls0y80y8h3zsyj4hb52w2-gcc-11.3.0/lib/gcc/x86_64-unknown-linux-gnu/11.3.0/include-fixed /nix/store/y3af200bfvmb7s3vcfmc30wla5iyh5kg-cmake-3.24.3/share/cmake-3.24/Modules/CMakeCXXCompilerABI.cpp -quiet -dumpdir CMakeFiles/cmTC_c2e44.dir/ -dumpbase CMakeCXXCompilerABI.cpp.cpp -dumpbase-ext .cpp -mtune=generic -march=x86-64 -version -o /tmp/ccsmaqkY.s]
  ignore line: [GNU C++17 (GCC) version 11.3.0 (x86_64-unknown-linux-gnu)]
  ignore line: [	compiled by GNU C version 11.3.0  GMP version 6.2.1  MPFR version 4.1.0  MPC version 1.2.1  isl version isl-0.20-GMP]
  ignore line: []
  ignore line: [GGC heuristics: --param ggc-min-expand=100 --param ggc-min-heapsize=131072]
  ignore line: [ignoring nonexistent directory "/nix/store/qm03mh5x2j4ls0y80y8h3zsyj4hb52w2-gcc-11.3.0/lib/gcc/x86_64-unknown-linux-gnu/11.3.0/../../../../x86_64-unknown-linux-gnu/include"]
  ignore line: [ignoring duplicate directory "/nix/store/l1a7p8yp0nlvghq5vifz4qr6s11frxl5-glibc-2.35-224-dev/include"]
  ignore line: [ignoring duplicate directory "/nix/store/qm03mh5x2j4ls0y80y8h3zsyj4hb52w2-gcc-11.3.0/lib/gcc/x86_64-unknown-linux-gnu/11.3.0/include-fixed"]
  ignore line: [#include "..." search starts here:]
  ignore line: [#include <...> search starts here:]
  ignore line: [ /nix/store/qm03mh5x2j4ls0y80y8h3zsyj4hb52w2-gcc-11.3.0/lib/gcc/x86_64-unknown-linux-gnu/11.3.0/../../../../include/c++/11.3.0]
  ignore line: [ /nix/store/qm03mh5x2j4ls0y80y8h3zsyj4hb52w2-gcc-11.3.0/lib/gcc/x86_64-unknown-linux-gnu/11.3.0/../../../../include/c++/11.3.0/x86_64-unknown-linux-gnu]
  ignore line: [ /nix/store/qm03mh5x2j4ls0y80y8h3zsyj4hb52w2-gcc-11.3.0/lib/gcc/x86_64-unknown-linux-gnu/11.3.0/../../../../include/c++/11.3.0/backward]
  ignore line: [ /nix/store/qm03mh5x2j4ls0y80y8h3zsyj4hb52w2-gcc-11.3.0/lib/gcc/x86_64-unknown-linux-gnu/11.3.0/include]
  ignore line: [ /nix/store/qm03mh5x2j4ls0y80y8h3zsyj4hb52w2-gcc-11.3.0/include]
  ignore line: [ /nix/store/qm03mh5x2j4ls0y80y8h3zsyj4hb52w2-gcc-11.3.0/lib/gcc/x86_64-unknown-linux-gnu/11.3.0/include-fixed]
  ignore line: [ /nix/store/l1a7p8yp0nlvghq5vifz4qr6s11frxl5-glibc-2.35-224-dev/include]
  ignore line: [End of search list.]
  ignore line: [GNU C++17 (GCC) version 11.3.0 (x86_64-unknown-linux-gnu)]
  ignore line: [	compiled by GNU C version 11.3.0  GMP version 6.2.1  MPFR version 4.1.0  MPC version 1.2.1  isl version isl-0.20-GMP]
  ignore line: []
  ignore line: [GGC heuristics: --param ggc-min-expand=100 --param ggc-min-heapsize=131072]
  ignore line: [Compiler executable checksum: 8adbf066cd73785bf6b1fd2f38410c4d]
  ignore line: [COLLECT_GCC_OPTIONS='-v' '-o' 'CMakeFiles/cmTC_c2e44.dir/CMakeCXXCompilerABI.cpp.o' '-c' '-B' '/nix/store/2j8jqmnd9l7plihhf713yf291c9vyqjm-glibc-2.35-224/lib/' '-idirafter' '/nix/store/l1a7p8yp0nlvghq5vifz4qr6s11frxl5-glibc-2.35-224-dev/include' '-idirafter' '/nix/store/qm03mh5x2j4ls0y80y8h3zsyj4hb52w2-gcc-11.3.0/lib/gcc/x86_64-unknown-linux-gnu/11.3.0/include-fixed' '-B' '/nix/store/v8481v3a686aa0pa4d016c0lnz2j0wwb-gcc-11.3.0-lib/lib' '-B' '/nix/store/dkw46jgi8i0bq64cag95v4ywz6g9bnga-gcc-wrapper-11.3.0/bin/' '-shared-libgcc' '-mtune=generic' '-march=x86-64' '-dumpdir' 'CMakeFiles/cmTC_c2e44.dir/']
  ignore line: [ /nix/store/dkw46jgi8i0bq64cag95v4ywz6g9bnga-gcc-wrapper-11.3.0/bin/as -v --64 -o CMakeFiles/cmTC_c2e44.dir/CMakeCXXCompilerABI.cpp.o /tmp/ccsmaqkY.s]
  ignore line: [GNU assembler version 2.39 (x86_64-unknown-linux-gnu) using BFD version (GNU Binutils) 2.39]
  ignore line: [COMPILER_PATH=/nix/store/2j8jqmnd9l7plihhf713yf291c9vyqjm-glibc-2.35-224/lib/:/nix/store/v8481v3a686aa0pa4d016c0lnz2j0wwb-gcc-11.3.0-lib/lib/:/nix/store/dkw46jgi8i0bq64cag95v4ywz6g9bnga-gcc-wrapper-11.3.0/bin/:/nix/store/qm03mh5x2j4ls0y80y8h3zsyj4hb52w2-gcc-11.3.0/libexec/gcc/x86_64-unknown-linux-gnu/11.3.0/:/nix/store/qm03mh5x2j4ls0y80y8h3zsyj4hb52w2-gcc-11.3.0/libexec/gcc/x86_64-unknown-linux-gnu/11.3.0/:/nix/store/qm03mh5x2j4ls0y80y8h3zsyj4hb52w2-gcc-11.3.0/libexec/gcc/x86_64-unknown-linux-gnu/:/nix/store/qm03mh5x2j4ls0y80y8h3zsyj4hb52w2-gcc-11.3.0/lib/gcc/x86_64-unknown-linux-gnu/11.3.0/:/nix/store/qm03mh5x2j4ls0y80y8h3zsyj4hb52w2-gcc-11.3.0/lib/gcc/x86_64-unknown-linux-gnu/]
  ignore line: [LIBRARY_PATH=/nix/store/2j8jqmnd9l7plihhf713yf291c9vyqjm-glibc-2.35-224/lib/:/nix/store/v8481v3a686aa0pa4d016c0lnz2j0wwb-gcc-11.3.0-lib/lib/:/nix/store/dkw46jgi8i0bq64cag95v4ywz6g9bnga-gcc-wrapper-11.3.0/bin/:/nix/store/qm03mh5x2j4ls0y80y8h3zsyj4hb52w2-gcc-11.3.0/lib/gcc/x86_64-unknown-linux-gnu/11.3.0/:/nix/store/qm03mh5x2j4ls0y80y8h3zsyj4hb52w2-gcc-11.3.0/lib/gcc/x86_64-unknown-linux-gnu/11.3.0/../../../../lib64/:/nix/store/qm03mh5x2j4ls0y80y8h3zsyj4hb52w2-gcc-11.3.0/lib/gcc/x86_64-unknown-linux-gnu/11.3.0/../../../]
  ignore line: [COLLECT_GCC_OPTIONS='-v' '-o' 'CMakeFiles/cmTC_c2e44.dir/CMakeCXXCompilerABI.cpp.o' '-c' '-B' '/nix/store/2j8jqmnd9l7plihhf713yf291c9vyqjm-glibc-2.35-224/lib/' '-idirafter' '/nix/store/l1a7p8yp0nlvghq5vifz4qr6s11frxl5-glibc-2.35-224-dev/include' '-idirafter' '/nix/store/qm03mh5x2j4ls0y80y8h3zsyj4hb52w2-gcc-11.3.0/lib/gcc/x86_64-unknown-linux-gnu/11.3.0/include-fixed' '-B' '/nix/store/v8481v3a686aa0pa4d016c0lnz2j0wwb-gcc-11.3.0-lib/lib' '-B' '/nix/store/dkw46jgi8i0bq64cag95v4ywz6g9bnga-gcc-wrapper-11.3.0/bin/' '-shared-libgcc' '-mtune=generic' '-march=x86-64' '-dumpdir' 'CMakeFiles/cmTC_c2e44.dir/CMakeCXXCompilerABI.cpp.']
  ignore line: [Linking CXX executable cmTC_c2e44]
  ignore line: [/nix/store/y3af200bfvmb7s3vcfmc30wla5iyh5kg-cmake-3.24.3/bin/cmake -E cmake_link_script CMakeFiles/cmTC_c2e44.dir/link.txt --verbose=1]
  ignore line: [/run/current-system/sw/bin/c++  -v CMakeFiles/cmTC_c2e44.dir/CMakeCXXCompilerABI.cpp.o -o cmTC_c2e44 ]
  ignore line: [Using built-in specs.]
  ignore line: [COLLECT_GCC=/nix/store/qm03mh5x2j4ls0y80y8h3zsyj4hb52w2-gcc-11.3.0/bin/g++]
  ignore line: [COLLECT_LTO_WRAPPER=/nix/store/qm03mh5x2j4ls0y80y8h3zsyj4hb52w2-gcc-11.3.0/libexec/gcc/x86_64-unknown-linux-gnu/11.3.0/lto-wrapper]
  ignore line: [Target: x86_64-unknown-linux-gnu]
  ignore line: [Configured with: ]
  ignore line: [Thread model: posix]
  ignore line: [Supported LTO compression algorithms: zlib]
  ignore line: [gcc version 11.3.0 (GCC) ]
  ignore line: [COMPILER_PATH=/nix/store/2j8jqmnd9l7plihhf713yf291c9vyqjm-glibc-2.35-224/lib/:/nix/store/v8481v3a686aa0pa4d016c0lnz2j0wwb-gcc-11.3.0-lib/lib/:/nix/store/dkw46jgi8i0bq64cag95v4ywz6g9bnga-gcc-wrapper-11.3.0/bin/:/nix/store/qm03mh5x2j4ls0y80y8h3zsyj4hb52w2-gcc-11.3.0/libexec/gcc/x86_64-unknown-linux-gnu/11.3.0/:/nix/store/qm03mh5x2j4ls0y80y8h3zsyj4hb52w2-gcc-11.3.0/libexec/gcc/x86_64-unknown-linux-gnu/11.3.0/:/nix/store/qm03mh5x2j4ls0y80y8h3zsyj4hb52w2-gcc-11.3.0/libexec/gcc/x86_64-unknown-linux-gnu/:/nix/store/qm03mh5x2j4ls0y80y8h3zsyj4hb52w2-gcc-11.3.0/lib/gcc/x86_64-unknown-linux-gnu/11.3.0/:/nix/store/qm03mh5x2j4ls0y80y8h3zsyj4hb52w2-gcc-11.3.0/lib/gcc/x86_64-unknown-linux-gnu/]
  ignore line: [LIBRARY_PATH=/nix/store/2j8jqmnd9l7plihhf713yf291c9vyqjm-glibc-2.35-224/lib/:/nix/store/v8481v3a686aa0pa4d016c0lnz2j0wwb-gcc-11.3.0-lib/lib/:/nix/store/dkw46jgi8i0bq64cag95v4ywz6g9bnga-gcc-wrapper-11.3.0/bin/:/nix/store/qm03mh5x2j4ls0y80y8h3zsyj4hb52w2-gcc-11.3.0/lib/gcc/x86_64-unknown-linux-gnu/11.3.0/:/nix/store/qm03mh5x2j4ls0y80y8h3zsyj4hb52w2-gcc-11.3.0/lib/gcc/x86_64-unknown-linux-gnu/11.3.0/../../../../lib64/:/nix/store/qm03mh5x2j4ls0y80y8h3zsyj4hb52w2-gcc-11.3.0/lib/gcc/x86_64-unknown-linux-gnu/11.3.0/../../../]
  ignore line: [COLLECT_GCC_OPTIONS='-v' '-o' 'cmTC_c2e44' '-B' '/nix/store/2j8jqmnd9l7plihhf713yf291c9vyqjm-glibc-2.35-224/lib/' '-idirafter' '/nix/store/l1a7p8yp0nlvghq5vifz4qr6s11frxl5-glibc-2.35-224-dev/include' '-idirafter' '/nix/store/qm03mh5x2j4ls0y80y8h3zsyj4hb52w2-gcc-11.3.0/lib/gcc/x86_64-unknown-linux-gnu/11.3.0/include-fixed' '-B' '/nix/store/v8481v3a686aa0pa4d016c0lnz2j0wwb-gcc-11.3.0-lib/lib' '-B' '/nix/store/dkw46jgi8i0bq64cag95v4ywz6g9bnga-gcc-wrapper-11.3.0/bin/' '-L/nix/store/2j8jqmnd9l7plihhf713yf291c9vyqjm-glibc-2.35-224/lib' '-L/nix/store/v8481v3a686aa0pa4d016c0lnz2j0wwb-gcc-11.3.0-lib/lib' '-shared-libgcc' '-mtune=generic' '-march=x86-64' '-dumpdir' 'cmTC_c2e44.']
  link line: [ /nix/store/qm03mh5x2j4ls0y80y8h3zsyj4hb52w2-gcc-11.3.0/libexec/gcc/x86_64-unknown-linux-gnu/11.3.0/collect2 -plugin /nix/store/qm03mh5x2j4ls0y80y8h3zsyj4hb52w2-gcc-11.3.0/libexec/gcc/x86_64-unknown-linux-gnu/11.3.0/liblto_plugin.so -plugin-opt=/nix/store/qm03mh5x2j4ls0y80y8h3zsyj4hb52w2-gcc-11.3.0/libexec/gcc/x86_64-unknown-linux-gnu/11.3.0/lto-wrapper -plugin-opt=-fresolution=/tmp/cctwn13G.res -plugin-opt=-pass-through=-lgcc_s -plugin-opt=-pass-through=-lgcc -plugin-opt=-pass-through=-lc -plugin-opt=-pass-through=-lgcc_s -plugin-opt=-pass-through=-lgcc --eh-frame-hdr -m elf_x86_64 -dynamic-linker /nix/store/2j8jqmnd9l7plihhf713yf291c9vyqjm-glibc-2.35-224/lib64/ld-linux-x86-64.so.2 -o cmTC_c2e44 /nix/store/2j8jqmnd9l7plihhf713yf291c9vyqjm-glibc-2.35-224/lib/crt1.o /nix/store/2j8jqmnd9l7plihhf713yf291c9vyqjm-glibc-2.35-224/lib/crti.o /nix/store/qm03mh5x2j4ls0y80y8h3zsyj4hb52w2-gcc-11.3.0/lib/gcc/x86_64-unknown-linux-gnu/11.3.0/crtbegin.o -L/nix/store/2j8jqmnd9l7plihhf713yf291c9vyqjm-glibc-2.35-224/lib -L/nix/store/v8481v3a686aa0pa4d016c0lnz2j0wwb-gcc-11.3.0-lib/lib -L/nix/store/2j8jqmnd9l7plihhf713yf291c9vyqjm-glibc-2.35-224/lib -L/nix/store/v8481v3a686aa0pa4d016c0lnz2j0wwb-gcc-11.3.0-lib/lib -L/nix/store/dkw46jgi8i0bq64cag95v4ywz6g9bnga-gcc-wrapper-11.3.0/bin -L/nix/store/qm03mh5x2j4ls0y80y8h3zsyj4hb52w2-gcc-11.3.0/lib/gcc/x86_64-unknown-linux-gnu/11.3.0 -L/nix/store/qm03mh5x2j4ls0y80y8h3zsyj4hb52w2-gcc-11.3.0/lib/gcc/x86_64-unknown-linux-gnu/11.3.0/../../../../lib64 -L/nix/store/qm03mh5x2j4ls0y80y8h3zsyj4hb52w2-gcc-11.3.0/lib/gcc/x86_64-unknown-linux-gnu/11.3.0/../../.. -dynamic-linker=/nix/store/2j8jqmnd9l7plihhf713yf291c9vyqjm-glibc-2.35-224/lib/ld-linux-x86-64.so.2 CMakeFiles/cmTC_c2e44.dir/CMakeCXXCompilerABI.cpp.o -lstdc++ -lm -lgcc_s -lgcc -lc -lgcc_s -lgcc /nix/store/qm03mh5x2j4ls0y80y8h3zsyj4hb52w2-gcc-11.3.0/lib/gcc/x86_64-unknown-linux-gnu/11.3.0/crtend.o /nix/store/2j8jqmnd9l7plihhf713yf291c9vyqjm-glibc-2.35-224/lib/crtn.o]
    arg [/nix/store/qm03mh5x2j4ls0y80y8h3zsyj4hb52w2-gcc-11.3.0/libexec/gcc/x86_64-unknown-linux-gnu/11.3.0/collect2] ==> ignore
    arg [-plugin] ==> ignore
    arg [/nix/store/qm03mh5x2j4ls0y80y8h3zsyj4hb52w2-gcc-11.3.0/libexec/gcc/x86_64-unknown-linux-gnu/11.3.0/liblto_plugin.so] ==> ignore
    arg [-plugin-opt=/nix/store/qm03mh5x2j4ls0y80y8h3zsyj4hb52w2-gcc-11.3.0/libexec/gcc/x86_64-unknown-linux-gnu/11.3.0/lto-wrapper] ==> ignore
    arg [-plugin-opt=-fresolution=/tmp/cctwn13G.res] ==> ignore
    arg [-plugin-opt=-pass-through=-lgcc_s] ==> ignore
    arg [-plugin-opt=-pass-through=-lgcc] ==> ignore
    arg [-plugin-opt=-pass-through=-lc] ==> ignore
    arg [-plugin-opt=-pass-through=-lgcc_s] ==> ignore
    arg [-plugin-opt=-pass-through=-lgcc] ==> ignore
    arg [--eh-frame-hdr] ==> ignore
    arg [-m] ==> ignore
    arg [elf_x86_64] ==> ignore
    arg [-dynamic-linker] ==> ignore
    arg [/nix/store/2j8jqmnd9l7plihhf713yf291c9vyqjm-glibc-2.35-224/lib64/ld-linux-x86-64.so.2] ==> ignore
    arg [-o] ==> ignore
    arg [cmTC_c2e44] ==> ignore
    arg [/nix/store/2j8jqmnd9l7plihhf713yf291c9vyqjm-glibc-2.35-224/lib/crt1.o] ==> obj [/nix/store/2j8jqmnd9l7plihhf713yf291c9vyqjm-glibc-2.35-224/lib/crt1.o]
    arg [/nix/store/2j8jqmnd9l7plihhf713yf291c9vyqjm-glibc-2.35-224/lib/crti.o] ==> obj [/nix/store/2j8jqmnd9l7plihhf713yf291c9vyqjm-glibc-2.35-224/lib/crti.o]
    arg [/nix/store/qm03mh5x2j4ls0y80y8h3zsyj4hb52w2-gcc-11.3.0/lib/gcc/x86_64-unknown-linux-gnu/11.3.0/crtbegin.o] ==> obj [/nix/store/qm03mh5x2j4ls0y80y8h3zsyj4hb52w2-gcc-11.3.0/lib/gcc/x86_64-unknown-linux-gnu/11.3.0/crtbegin.o]
    arg [-L/nix/store/2j8jqmnd9l7plihhf713yf291c9vyqjm-glibc-2.35-224/lib] ==> dir [/nix/store/2j8jqmnd9l7plihhf713yf291c9vyqjm-glibc-2.35-224/lib]
    arg [-L/nix/store/v8481v3a686aa0pa4d016c0lnz2j0wwb-gcc-11.3.0-lib/lib] ==> dir [/nix/store/v8481v3a686aa0pa4d016c0lnz2j0wwb-gcc-11.3.0-lib/lib]
    arg [-L/nix/store/2j8jqmnd9l7plihhf713yf291c9vyqjm-glibc-2.35-224/lib] ==> dir [/nix/store/2j8jqmnd9l7plihhf713yf291c9vyqjm-glibc-2.35-224/lib]
    arg [-L/nix/store/v8481v3a686aa0pa4d016c0lnz2j0wwb-gcc-11.3.0-lib/lib] ==> dir [/nix/store/v8481v3a686aa0pa4d016c0lnz2j0wwb-gcc-11.3.0-lib/lib]
    arg [-L/nix/store/dkw46jgi8i0bq64cag95v4ywz6g9bnga-gcc-wrapper-11.3.0/bin] ==> dir [/nix/store/dkw46jgi8i0bq64cag95v4ywz6g9bnga-gcc-wrapper-11.3.0/bin]
    arg [-L/nix/store/qm03mh5x2j4ls0y80y8h3zsyj4hb52w2-gcc-11.3.0/lib/gcc/x86_64-unknown-linux-gnu/11.3.0] ==> dir [/nix/store/qm03mh5x2j4ls0y80y8h3zsyj4hb52w2-gcc-11.3.0/lib/gcc/x86_64-unknown-linux-gnu/11.3.0]
    arg [-L/nix/store/qm03mh5x2j4ls0y80y8h3zsyj4hb52w2-gcc-11.3.0/lib/gcc/x86_64-unknown-linux-gnu/11.3.0/../../../../lib64] ==> dir [/nix/store/qm03mh5x2j4ls0y80y8h3zsyj4hb52w2-gcc-11.3.0/lib/gcc/x86_64-unknown-linux-gnu/11.3.0/../../../../lib64]
    arg [-L/nix/store/qm03mh5x2j4ls0y80y8h3zsyj4hb52w2-gcc-11.3.0/lib/gcc/x86_64-unknown-linux-gnu/11.3.0/../../..] ==> dir [/nix/store/qm03mh5x2j4ls0y80y8h3zsyj4hb52w2-gcc-11.3.0/lib/gcc/x86_64-unknown-linux-gnu/11.3.0/../../..]
    arg [-dynamic-linker=/nix/store/2j8jqmnd9l7plihhf713yf291c9vyqjm-glibc-2.35-224/lib/ld-linux-x86-64.so.2] ==> ignore
    arg [CMakeFiles/cmTC_c2e44.dir/CMakeCXXCompilerABI.cpp.o] ==> ignore
    arg [-lstdc++] ==> lib [stdc++]
    arg [-lm] ==> lib [m]
    arg [-lgcc_s] ==> lib [gcc_s]
    arg [-lgcc] ==> lib [gcc]
    arg [-lc] ==> lib [c]
    arg [-lgcc_s] ==> lib [gcc_s]
    arg [-lgcc] ==> lib [gcc]
    arg [/nix/store/qm03mh5x2j4ls0y80y8h3zsyj4hb52w2-gcc-11.3.0/lib/gcc/x86_64-unknown-linux-gnu/11.3.0/crtend.o] ==> obj [/nix/store/qm03mh5x2j4ls0y80y8h3zsyj4hb52w2-gcc-11.3.0/lib/gcc/x86_64-unknown-linux-gnu/11.3.0/crtend.o]
    arg [/nix/store/2j8jqmnd9l7plihhf713yf291c9vyqjm-glibc-2.35-224/lib/crtn.o] ==> obj [/nix/store/2j8jqmnd9l7plihhf713yf291c9vyqjm-glibc-2.35-224/lib/crtn.o]
  collapse library dir [/nix/store/2j8jqmnd9l7plihhf713yf291c9vyqjm-glibc-2.35-224/lib] ==> [/nix/store/2j8jqmnd9l7plihhf713yf291c9vyqjm-glibc-2.35-224/lib]
  collapse library dir [/nix/store/v8481v3a686aa0pa4d016c0lnz2j0wwb-gcc-11.3.0-lib/lib] ==> [/nix/store/v8481v3a686aa0pa4d016c0lnz2j0wwb-gcc-11.3.0-lib/lib]
  collapse library dir [/nix/store/2j8jqmnd9l7plihhf713yf291c9vyqjm-glibc-2.35-224/lib] ==> [/nix/store/2j8jqmnd9l7plihhf713yf291c9vyqjm-glibc-2.35-224/lib]
  collapse library dir [/nix/store/v8481v3a686aa0pa4d016c0lnz2j0wwb-gcc-11.3.0-lib/lib] ==> [/nix/store/v8481v3a686aa0pa4d016c0lnz2j0wwb-gcc-11.3.0-lib/lib]
  collapse library dir [/nix/store/dkw46jgi8i0bq64cag95v4ywz6g9bnga-gcc-wrapper-11.3.0/bin] ==> [/nix/store/dkw46jgi8i0bq64cag95v4ywz6g9bnga-gcc-wrapper-11.3.0/bin]
  collapse library dir [/nix/store/qm03mh5x2j4ls0y80y8h3zsyj4hb52w2-gcc-11.3.0/lib/gcc/x86_64-unknown-linux-gnu/11.3.0] ==> [/nix/store/qm03mh5x2j4ls0y80y8h3zsyj4hb52w2-gcc-11.3.0/lib/gcc/x86_64-unknown-linux-gnu/11.3.0]
  collapse library dir [/nix/store/qm03mh5x2j4ls0y80y8h3zsyj4hb52w2-gcc-11.3.0/lib/gcc/x86_64-unknown-linux-gnu/11.3.0/../../../../lib64] ==> [/nix/store/qm03mh5x2j4ls0y80y8h3zsyj4hb52w2-gcc-11.3.0/lib64]
  collapse library dir [/nix/store/qm03mh5x2j4ls0y80y8h3zsyj4hb52w2-gcc-11.3.0/lib/gcc/x86_64-unknown-linux-gnu/11.3.0/../../..] ==> [/nix/store/qm03mh5x2j4ls0y80y8h3zsyj4hb52w2-gcc-11.3.0/lib]
  implicit libs: [stdc++;m;gcc_s;gcc;c;gcc_s;gcc]
  implicit objs: [/nix/store/2j8jqmnd9l7plihhf713yf291c9vyqjm-glibc-2.35-224/lib/crt1.o;/nix/store/2j8jqmnd9l7plihhf713yf291c9vyqjm-glibc-2.35-224/lib/crti.o;/nix/store/qm03mh5x2j4ls0y80y8h3zsyj4hb52w2-gcc-11.3.0/lib/gcc/x86_64-unknown-linux-gnu/11.3.0/crtbegin.o;/nix/store/qm03mh5x2j4ls0y80y8h3zsyj4hb52w2-gcc-11.3.0/lib/gcc/x86_64-unknown-linux-gnu/11.3.0/crtend.o;/nix/store/2j8jqmnd9l7plihhf713yf291c9vyqjm-glibc-2.35-224/lib/crtn.o]
  implicit dirs: [/nix/store/2j8jqmnd9l7plihhf713yf291c9vyqjm-glibc-2.35-224/lib;/nix/store/v8481v3a686aa0pa4d016c0lnz2j0wwb-gcc-11.3.0-lib/lib;/nix/store/dkw46jgi8i0bq64cag95v4ywz6g9bnga-gcc-wrapper-11.3.0/bin;/nix/store/qm03mh5x2j4ls0y80y8h3zsyj4hb52w2-gcc-11.3.0/lib/gcc/x86_64-unknown-linux-gnu/11.3.0;/nix/store/qm03mh5x2j4ls0y80y8h3zsyj4hb52w2-gcc-11.3.0/lib64;/nix/store/qm03mh5x2j4ls0y80y8h3zsyj4hb52w2-gcc-11.3.0/lib]
  implicit fwks: []


